 --- Init ---
MyJavaBot
 --- Bot used 40 milliseconds ---
-----------------------------------------------------------------------------
 --- Frame #1 ---
15 7 1 
 --- Bot used 4 milliseconds ---
-----------------------------------------------------------------------------
 --- Frame #2 ---
15 7 0 15 6 0 
 --- Bot used 1 milliseconds ---
-----------------------------------------------------------------------------
 --- Frame #3 ---
15 7 0 15 6 0 
 --- Bot used 1 milliseconds ---
-----------------------------------------------------------------------------
 --- Frame #4 ---
15 6 2 15 7 0 
 --- Bot used 1 milliseconds ---
-----------------------------------------------------------------------------
 --- Frame #5 ---
15 6 2 15 7 0 
 --- Bot used 1 milliseconds ---
-----------------------------------------------------------------------------
 --- Frame #6 ---
16 6 0 15 7 0 15 6 0 
 --- Bot used 1 milliseconds ---
-----------------------------------------------------------------------------
 --- Frame #7 ---
16 6 0 15 7 0 15 6 0 
 --- Bot used 1 milliseconds ---
-----------------------------------------------------------------------------
 --- Frame #8 ---
15 7 4 16 6 0 15 6 0 
 --- Bot used 1 milliseconds ---
-----------------------------------------------------------------------------
 --- Frame #9 ---
16 6 0 15 7 0 15 6 0 14 7 0 
 --- Bot used 1 milliseconds ---
-----------------------------------------------------------------------------
 --- Frame #10 ---
15 6 1 16 6 2 15 7 0 14 7 0 
 --- Bot used 1 milliseconds ---
-----------------------------------------------------------------------------
 --- Frame #11 ---
16 6 2 15 7 0 15 5 0 15 6 0 14 7 0 
 --- Bot used 1 milliseconds ---
-----------------------------------------------------------------------------
 --- Frame #12 ---
14 7 1 16 6 0 17 6 0 15 7 0 15 5 0 15 6 0 
 --- Bot used 1 milliseconds ---
-----------------------------------------------------------------------------
 --- Frame #13 ---
15 6 0 16 6 0 17 6 0 14 6 0 15 7 0 15 5 0 14 7 0 
 --- Bot used 1 milliseconds ---
-----------------------------------------------------------------------------
 --- Frame #14 ---
15 6 0 16 6 0 17 6 0 14 6 0 15 7 0 15 5 0 14 7 0 
 --- Bot used 1 milliseconds ---
-----------------------------------------------------------------------------
 --- Frame #15 ---
15 6 0 15 7 2 15 5 2 16 6 0 17 6 0 14 6 0 14 7 0 
 --- Bot used 1 milliseconds ---
-----------------------------------------------------------------------------
 --- Frame #16 ---
15 6 1 16 6 0 17 6 2 14 6 0 15 7 0 15 5 0 16 7 0 15 6 0 14 7 0 16 5 0 
 --- Bot used 1 milliseconds ---
-----------------------------------------------------------------------------
 --- Frame #17 ---
15 6 1 16 6 1 14 6 4 16 6 0 17 6 0 15 7 0 15 5 0 16 7 0 15 6 0 18 6 0 14 7 0 16 5 0 
 --- Bot used 1 milliseconds ---
-----------------------------------------------------------------------------
 --- Frame #18 ---
15 6 1 16 6 1 14 7 4 16 6 0 17 6 0 14 6 0 15 7 0 15 5 0 13 6 0 16 7 0 15 6 0 18 6 0 16 5 0 
 --- Bot used 1 milliseconds ---
-----------------------------------------------------------------------------
 --- Frame #19 ---
15 6 1 16 6 1 18 6 2 16 6 0 17 6 0 14 6 0 15 7 0 15 5 0 13 6 0 13 7 0 16 7 0 15 6 0 14 7 0 16 5 0 
 --- Bot used 1 milliseconds ---
-----------------------------------------------------------------------------
 --- Frame #20 ---
15 6 1 16 6 1 17 6 0 14 6 0 15 7 0 15 5 0 13 7 0 16 7 0 18 6 0 14 7 0 16 6 0 13 6 0 19 6 0 15 6 0 16 5 0 
 --- Bot used 1 milliseconds ---
-----------------------------------------------------------------------------
 --- Frame #21 ---
15 6 1 16 6 1 17 6 1 15 5 1 14 6 0 15 7 0 13 7 0 16 7 0 18 6 0 14 7 0 16 6 0 13 6 0 19 6 0 15 6 0 16 5 0 
 --- Bot used 1 milliseconds ---
-----------------------------------------------------------------------------
 --- Frame #22 ---
15 6 1 16 6 1 13 6 1 15 5 1 14 6 1 16 7 2 17 6 0 15 7 0 13 7 0 17 5 0 18 6 0 14 7 0 16 6 0 19 6 0 15 6 0 16 5 0 
 --- Bot used 1 milliseconds ---
-----------------------------------------------------------------------------
 --- Frame #23 ---
15 5 0 14 6 0 15 6 1 16 6 1 17 6 0 19 6 2 15 7 0 13 7 0 17 7 0 17 5 0 16 7 0 14 5 0 15 4 0 18 6 0 14 7 0 13 5 0 16 6 0 13 6 0 15 6 0 16 5 0 
 --- Bot used 1 milliseconds ---
-----------------------------------------------------------------------------
 --- Frame #24 ---
15 5 0 14 6 0 15 6 1 16 6 1 17 6 0 18 6 1 13 7 4 19 6 2 15 7 0 17 7 0 17 5 0 16 7 0 14 5 0 15 4 0 14 7 0 13 5 0 16 6 0 13 6 0 15 6 0 16 5 0 
 --- Bot used 1 milliseconds ---
-----------------------------------------------------------------------------
 --- Frame #25 ---
15 5 0 14 6 0 15 6 1 16 6 1 17 6 0 13 5 4 15 7 0 13 7 0 17 7 0 17 5 0 20 6 0 16 7 0 14 5 0 15 4 0 18 6 0 14 7 0 12 7 0 16 6 0 13 6 0 19 6 0 15 6 0 16 5 0 18 5 0 
 --- Bot used 1 milliseconds ---
-----------------------------------------------------------------------------
 --- Frame #26 ---
15 5 0 14 6 0 15 6 1 16 6 1 17 6 0 15 7 3 16 5 1 13 5 4 13 7 0 17 7 0 17 5 0 20 6 0 16 7 0 14 5 0 15 4 0 18 6 0 14 7 0 12 7 0 16 6 0 13 6 0 19 6 0 15 6 0 18 5 0 
 --- Bot used 0 milliseconds ---
-----------------------------------------------------------------------------
 --- Frame #27 ---
15 5 0 14 6 0 15 6 1 16 6 1 17 6 1 15 7 0 14 5 1 14 7 3 13 6 4 12 7 1 16 5 1 15 4 2 17 6 0 13 7 0 17 7 0 17 5 0 20 6 0 16 7 0 15 8 0 18 6 0 12 5 0 13 5 0 16 6 0 19 6 0 15 6 0 18 5 0 
 --- Bot used 1 milliseconds ---
-----------------------------------------------------------------------------
 --- Frame #28 ---
14 5 0 15 5 1 16 5 0 13 6 0 14 6 1 15 6 1 16 6 1 17 6 1 14 7 0 15 7 0 17 7 2 12 6 4 14 6 0 15 5 0 13 7 0 20 6 0 15 8 0 16 4 0 14 8 0 19 6 0 15 6 0 18 5 0 17 6 0 17 5 0 16 7 0 15 4 0 18 6 0 12 5 0 13 5 0 12 7 0 16 6 0 14 4 0 
 --- Bot used 1 milliseconds ---
-----------------------------------------------------------------------------
 --- Frame #29 ---
14 5 0 15 5 1 16 5 0 12 6 0 13 6 0 14 6 1 15 6 1 16 6 1 17 6 1 14 7 0 15 7 0 19 6 1 18 6 3 17 7 2 14 6 0 15 5 0 13 7 0 20 6 0 15 8 0 16 4 0 14 8 0 15 6 0 18 5 0 17 6 0 17 5 0 16 7 0 15 4 0 11 6 0 12 5 0 13 5 0 12 7 0 16 6 0 14 4 0 
 --- Bot used 1 milliseconds ---
-----------------------------------------------------------------------------
 --- Frame #30 ---
14 5 0 15 5 1 16 5 0 12 6 0 13 6 0 14 6 1 15 6 1 16 6 1 17 6 1 18 6 0 14 7 0 15 7 0 12 5 1 14 6 0 15 5 0 13 7 0 19 5 0 20 6 0 15 8 0 16 4 0 14 8 0 19 6 0 15 6 0 18 5 0 17 6 0 17 7 0 18 7 0 17 5 0 16 7 0 15 4 0 11 6 0 13 5 0 12 7 0 16 6 0 14 4 0 
 --- Bot used 1 milliseconds ---
-----------------------------------------------------------------------------
 --- Frame #31 ---
14 5 0 15 5 1 16 5 0 12 6 0 13 6 0 14 6 1 15 6 1 16 6 1 17 6 1 18 6 0 14 7 0 15 7 0 14 4 1 20 6 1 18 7 2 13 5 1 11 6 1 12 4 0 14 6 0 15 5 0 13 7 0 19 5 0 15 8 0 16 4 0 14 8 0 19 6 0 15 6 0 18 5 0 17 6 0 17 7 0 17 5 0 16 7 0 15 4 0 12 5 0 12 7 0 16 6 0 
 --- Bot used 1 milliseconds ---
-----------------------------------------------------------------------------
 --- Frame #32 ---
14 4 0 12 5 0 13 5 0 14 5 0 15 5 1 16 5 0 12 6 0 13 6 0 14 6 1 15 6 1 16 6 1 17 6 1 18 6 0 19 6 0 14 7 0 15 7 1 12 4 0 11 5 0 14 6 0 15 7 0 15 5 0 13 7 0 19 5 0 20 6 0 15 8 0 16 4 0 14 8 0 20 5 0 13 4 0 15 6 0 18 5 0 19 7 0 17 6 0 17 7 0 18 7 0 17 5 0 16 7 0 15 4 0 11 6 0 14 3 0 12 7 0 16 6 0 
 --- Bot used 1 milliseconds ---
-----------------------------------------------------------------------------
 --- Frame #33 ---
14 4 0 12 5 0 13 5 0 14 5 1 15 5 1 16 5 1 12 6 0 13 6 1 14 6 1 15 6 1 16 6 1 17 6 1 18 6 0 19 6 0 14 7 1 15 7 1 13 7 3 12 4 0 11 5 0 14 6 0 15 7 0 15 5 0 19 5 0 20 6 0 15 8 0 16 4 0 14 8 0 20 5 0 13 4 0 13 6 0 15 6 0 18 5 0 19 7 0 17 6 0 17 7 0 18 7 0 17 5 0 16 7 0 14 5 0 15 4 0 11 6 0 14 7 0 14 3 0 12 7 0 16 6 0 16 5 0 
 --- Bot used 1 milliseconds ---
-----------------------------------------------------------------------------
 --- Frame #34 ---
14 4 0 12 5 0 13 5 0 14 5 1 15 5 1 16 5 1 12 6 1 13 6 1 14 6 1 15 6 1 16 6 1 17 6 1 18 6 0 19 6 0 13 7 0 14 7 1 15 7 1 17 5 1 18 5 1 12 7 4 12 4 1 11 5 1 14 6 0 15 7 0 15 5 0 19 5 0 20 6 0 15 8 0 16 4 0 14 8 0 20 5 0 13 4 0 13 6 0 15 6 0 19 7 0 17 6 0 17 7 0 18 7 0 16 7 0 14 5 0 15 4 0 11 6 0 14 7 0 14 3 0 16 6 0 13 8 0 16 5 0 12 6 0 
 --- Bot used 1 milliseconds ---
-----------------------------------------------------------------------------
 --- Frame #35 ---
12 4 0 14 4 0 12 5 0 13 5 0 14 5 1 15 5 1 16 5 1 17 5 0 18 5 0 12 6 1 13 6 1 14 6 1 15 6 1 16 6 1 17 6 1 18 6 1 19 6 1 13 7 0 14 7 1 15 7 1 11 6 4 14 3 4 13 4 1 11 7 0 11 5 0 14 6 0 15 7 0 15 5 0 19 5 0 20 6 0 15 8 0 16 4 0 14 8 0 20 5 0 13 6 0 19 6 0 15 6 0 19 7 0 12 3 0 17 6 0 17 7 0 18 7 0 17 4 0 16 7 0 14 5 0 15 4 0 18 4 0 18 6 0 14 7 0 12 7 0 16 6 0 13 8 0 16 5 0 11 4 0 12 6 0 
 --- Bot used 1 milliseconds ---
-----------------------------------------------------------------------------
 --- Frame #36 ---
12 4 0 13 4 0 14 4 0 12 5 1 13 5 0 14 5 1 15 5 1 16 5 1 17 5 0 18 5 0 12 6 1 13 6 1 14 6 1 15 6 1 16 6 1 17 6 1 18 6 1 19 6 1 13 7 0 14 7 1 15 7 1 16 7 3 19 7 2 13 3 1 15 4 1 11 6 4 11 7 0 11 5 0 14 6 0 15 7 0 15 5 0 19 5 0 20 6 0 15 8 0 16 4 0 14 8 0 20 5 0 13 6 0 19 6 0 15 6 0 12 3 0 17 6 0 17 7 0 18 7 0 17 4 0 14 5 0 18 4 0 18 6 0 14 7 0 14 3 0 12 5 0 12 7 0 16 6 0 13 8 0 16 5 0 11 4 0 12 6 0 
 --- Bot used 1 milliseconds ---
-----------------------------------------------------------------------------
 --- Frame #37 ---
13 3 0 12 4 0 13 4 0 14 4 1 12 5 1 13 5 1 14 5 1 15 5 1 16 5 1 17 5 0 18 5 0 11 6 0 12 6 1 13 6 1 14 6 1 15 6 1 16 6 1 17 6 1 18 6 1 19 6 1 13 7 0 14 7 1 15 7 1 16 7 0 15 4 1 14 3 2 20 6 3 19 7 2 11 7 0 11 5 0 14 6 0 15 7 0 15 5 0 19 5 0 15 8 0 16 4 0 16 8 0 14 8 0 20 5 0 13 6 0 19 6 0 15 6 0 12 3 0 17 6 0 17 7 0 18 7 0 17 4 0 14 5 0 18 4 0 18 6 0 14 7 0 12 5 0 13 5 0 12 7 0 16 6 0 10 6 0 13 8 0 14 4 0 16 5 0 11 4 0 13 2 0 12 6 0 
 --- Bot used 1 milliseconds ---
-----------------------------------------------------------------------------
 --- Frame #38 ---
13 3 0 12 4 0 13 4 0 14 4 1 15 4 0 12 5 1 13 5 1 14 5 1 15 5 1 16 5 1 17 5 0 18 5 0 11 6 0 12 6 1 13 6 1 14 6 1 15 6 1 16 6 1 17 6 1 18 6 1 19 6 1 13 7 0 14 7 1 15 7 1 16 7 0 11 4 4 11 5 4 11 7 0 14 6 0 15 7 0 15 5 0 19 5 0 20 6 0 15 8 0 16 4 0 16 8 0 15 3 0 20 7 0 14 8 0 20 5 0 13 6 0 19 6 0 15 6 0 19 7 0 12 3 0 17 6 0 17 7 0 18 7 0 17 4 0 14 5 0 18 4 0 18 6 0 14 7 0 14 3 0 12 5 0 13 5 0 12 7 0 16 6 0 10 6 0 13 8 0 14 4 0 16 5 0 13 2 0 12 6 0 
 --- Bot used 0 milliseconds ---
-----------------------------------------------------------------------------
 --- Frame #39 ---
13 3 0 12 4 0 13 4 0 14 4 1 15 4 0 11 5 0 12 5 1 13 5 1 14 5 1 15 5 1 16 5 1 17 5 0 18 5 0 11 6 0 12 6 1 13 6 1 14 6 1 15 6 1 16 6 1 17 6 1 18 6 1 19 6 1 13 7 1 14 7 1 15 7 1 16 7 0 12 3 1 11 7 0 13 7 0 19 5 0 16 8 0 20 7 0 13 6 0 19 6 0 15 6 0 17 7 0 18 7 0 17 4 0 14 5 0 18 4 0 18 6 0 14 3 0 10 6 0 11 4 0 12 6 0 14 6 0 15 7 0 15 5 0 20 6 0 10 4 0 15 8 0 16 4 0 15 3 0 14 8 0 20 5 0 19 7 0 17 6 0 14 7 0 12 5 0 13 5 0 12 7 0 16 6 0 13 8 0 10 5 0 14 4 0 16 5 0 13 2 0 
 --- Bot used 1 milliseconds ---
-----------------------------------------------------------------------------
 --- Frame #40 ---
13 3 0 12 4 1 13 4 0 14 4 1 15 4 0 11 5 0 12 5 1 13 5 1 14 5 1 15 5 1 16 5 1 17 5 1 18 5 1 11 6 0 12 6 1 13 6 1 14 6 1 15 6 1 16 6 1 17 6 1 18 6 1 19 6 1 13 7 1 14 7 1 15 7 1 16 7 0 20 5 2 11 7 4 10 6 4 13 2 4 12 3 1 12 4 0 13 7 0 19 5 0 16 8 0 20 7 0 13 6 0 19 6 0 15 6 0 17 7 0 18 7 0 17 4 0 14 5 0 18 4 0 18 6 0 14 3 0 11 4 0 12 6 0 14 6 0 15 7 0 15 5 0 20 6 0 10 4 0 15 8 0 16 4 0 15 3 0 14 8 0 18 5 0 19 7 0 17 6 0 17 5 0 14 7 0 12 5 0 13 5 0 12 7 0 16 6 0 13 8 0 10 5 0 14 4 0 16 5 0 
 --- Bot used 1 milliseconds ---
-----------------------------------------------------------------------------
 --- Frame #41 ---
13 3 0 12 4 1 13 4 1 14 4 1 15 4 0 11 5 0 12 5 1 13 5 1 14 5 1 15 5 1 16 5 1 17 5 1 18 5 1 11 6 0 12 6 1 13 6 1 14 6 1 15 6 1 16 6 1 17 6 1 18 6 1 19 6 1 13 7 1 14 7 1 15 7 1 16 7 0 18 7 3 19 5 1 13 8 4 10 5 4 10 6 3 11 7 4 12 4 0 13 7 0 16 8 0 20 7 0 13 6 0 19 6 0 15 6 0 9 6 0 12 3 0 17 7 0 17 4 0 14 5 0 18 4 0 18 6 0 14 3 0 11 4 0 12 6 0 14 6 0 15 7 0 15 5 0 20 6 0 10 4 0 15 8 0 16 4 0 15 3 0 14 8 0 20 5 0 13 4 0 18 5 0 19 7 0 17 6 0 17 5 0 14 7 0 12 5 0 13 5 0 12 7 0 16 6 0 21 5 0 14 4 0 16 5 0 12 2 0 13 2 0 
 --- Bot used 1 milliseconds ---
-----------------------------------------------------------------------------
 --- Frame #42 ---
13 3 1 12 4 1 13 4 1 14 4 1 15 4 0 10 5 0 11 5 0 12 5 1 13 5 1 14 5 1 15 5 1 16 5 1 17 5 1 18 5 1 19 5 0 10 6 0 11 6 1 12 6 1 13 6 1 14 6 1 15 6 1 16 6 1 17 6 1 18 6 1 19 6 1 13 7 1 14 7 1 15 7 1 16 7 1 18 7 0 14 8 3 17 7 3 12 7 3 13 8 4 11 7 0 12 4 0 18 8 0 13 7 0 19 4 0 10 7 0 16 8 0 20 7 0 13 6 0 19 6 0 15 6 0 9 6 0 12 3 0 9 5 0 17 4 0 16 7 0 14 5 0 18 4 0 11 6 0 18 6 0 14 3 0 11 4 0 12 6 0 14 6 0 15 7 0 15 5 0 13 3 0 20 6 0 10 4 0 15 8 0 16 4 0 15 3 0 20 5 0 13 4 0 18 5 0 19 7 0 17 6 0 17 5 0 14 7 0 12 5 0 13 5 0 16 6 0 21 5 0 14 4 0 16 5 0 12 2 0 13 2 0 
 --- Bot used 1 milliseconds ---
-----------------------------------------------------------------------------
 --- Frame #43 ---
13 3 1 12 4 1 13 4 1 14 4 1 15 4 1 10 5 0 11 5 0 12 5 1 13 5 1 14 5 1 15 5 1 16 5 1 17 5 1 18 5 1 19 5 0 10 6 0 11 6 1 12 6 1 13 6 1 14 6 1 15 6 1 16 6 1 17 6 1 18 6 1 19 6 1 12 7 0 13 7 1 14 7 1 15 7 1 16 7 1 17 7 0 18 7 0 14 8 0 20 7 2 10 4 1 14 3 1 15 8 3 11 4 1 11 7 0 12 4 0 18 8 0 13 7 0 19 4 0 10 7 0 16 8 0 13 6 0 19 6 0 15 6 0 9 6 0 12 3 0 9 5 0 17 4 0 16 7 0 14 5 0 18 4 0 11 6 0 18 6 0 12 8 0 14 9 0 12 6 0 14 6 0 15 7 0 15 5 0 13 3 0 20 6 0 16 4 0 15 3 0 20 5 0 13 4 0 18 5 0 19 7 0 17 6 0 17 5 0 15 4 0 14 7 0 12 5 0 13 5 0 16 6 0 13 8 0 21 5 0 17 8 0 14 4 0 16 5 0 12 2 0 13 2 0 
 --- Bot used 1 milliseconds ---
-----------------------------------------------------------------------------
 --- Frame #44 ---
12 3 0 13 3 1 14 3 0 11 4 0 12 4 1 13 4 1 14 4 1 15 4 1 10 5 0 11 5 1 12 5 1 13 5 1 14 5 1 15 5 1 16 5 1 17 5 1 18 5 1 19 5 0 10 6 0 11 6 1 12 6 1 13 6 1 14 6 1 15 6 1 16 6 1 17 6 1 18 6 1 19 6 1 12 7 0 13 7 1 14 7 1 15 7 1 16 7 1 17 7 0 18 7 0 14 8 0 9 6 4 12 2 4 15 8 3 14 9 2 11 7 0 12 4 0 11 5 0 18 8 0 13 7 0 19 4 0 10 7 0 16 8 0 20 7 0 13 6 0 19 6 0 15 6 0 9 5 0 11 3 0 17 4 0 16 7 0 14 5 0 18 4 0 11 6 0 18 6 0 12 8 0 12 6 0 14 6 0 15 7 0 15 5 0 13 3 0 10 3 0 20 6 0 10 4 0 16 4 0 15 3 0 20 5 0 13 4 0 21 7 0 18 5 0 19 7 0 17 6 0 17 5 0 15 4 0 14 7 0 12 5 0 13 5 0 14 2 0 16 6 0 13 8 0 21 5 0 17 8 0 14 4 0 16 5 0 13 2 0 
 --- Bot used 1 milliseconds ---
-----------------------------------------------------------------------------
 --- Frame #45 ---
11 3 0 12 3 0 13 3 1 14 3 0 11 4 0 12 4 1 13 4 1 14 4 1 15 4 1 10 5 0 11 5 1 12 5 1 13 5 1 14 5 1 15 5 1 16 5 1 17 5 1 18 5 1 19 5 0 10 6 0 11 6 1 12 6 1 13 6 1 14 6 1 15 6 1 16 6 1 17 6 1 18 6 1 19 6 1 12 7 0 13 7 1 14 7 1 15 7 1 16 7 1 17 7 0 18 7 0 14 8 0 15 8 0 20 6 2 9 5 4 9 6 4 11 7 0 12 4 0 11 5 0 18 8 0 13 7 0 19 4 0 10 7 0 16 8 0 20 7 0 13 6 0 19 6 0 15 6 0 17 4 0 16 7 0 14 5 0 18 4 0 11 6 0 18 6 0 12 8 0 14 9 0 12 6 0 14 6 0 15 7 0 15 5 0 13 3 0 10 3 0 10 4 0 16 4 0 11 2 0 15 3 0 20 5 0 13 4 0 21 7 0 18 5 0 19 7 0 17 6 0 17 5 0 15 4 0 14 7 0 12 5 0 13 5 0 14 2 0 16 6 0 15 9 0 13 8 0 21 5 0 17 8 0 14 4 0 16 5 0 12 2 0 13 2 0 
 --- Bot used 1 milliseconds ---
-----------------------------------------------------------------------------
 --- Frame #46 ---
11 3 0 12 3 1 13 3 1 14 3 0 11 4 0 12 4 1 13 4 1 14 4 1 15 4 1 10 5 0 11 5 1 12 5 1 13 5 1 14 5 1 15 5 1 16 5 1 17 5 1 18 5 1 19 5 0 10 6 0 11 6 1 12 6 1 13 6 1 14 6 1 15 6 1 16 6 1 17 6 1 18 6 1 19 6 1 20 6 0 12 7 0 13 7 1 14 7 1 15 7 1 16 7 1 17 7 0 18 7 0 14 8 0 15 8 0 12 8 4 9 5 4 8 6 1 11 7 0 12 4 0 11 5 0 18 8 0 13 7 0 19 4 0 10 7 0 16 8 0 20 7 0 13 6 0 19 6 0 15 6 0 9 6 0 12 3 0 17 4 0 16 7 0 14 5 0 18 4 0 11 6 0 18 6 0 14 9 0 12 6 0 14 6 0 15 7 0 15 5 0 13 3 0 10 3 0 10 4 0 16 4 0 11 2 0 15 3 0 20 5 0 13 4 0 21 7 0 18 5 0 19 7 0 17 6 0 17 5 0 15 4 0 14 7 0 12 5 0 13 5 0 14 2 0 16 6 0 15 9 0 13 8 0 21 5 0 17 8 0 14 4 0 16 5 0 12 2 0 21 6 0 13 2 0 
 --- Bot used 1 milliseconds ---
-----------------------------------------------------------------------------
 --- Frame #47 ---
11 3 0 12 3 1 13 3 1 14 3 0 11 4 0 12 4 1 13 4 1 14 4 1 15 4 1 10 5 1 11 5 1 12 5 1 13 5 1 14 5 1 15 5 1 16 5 1 17 5 1 18 5 1 19 5 1 10 6 1 11 6 1 12 6 1 13 6 1 14 6 1 15 6 1 16 6 1 17 6 1 18 6 1 19 6 1 20 6 0 11 7 1 12 7 0 13 7 1 14 7 1 15 7 1 16 7 1 17 7 0 18 7 1 14 8 0 15 8 0 16 4 1 19 7 3 11 7 0 12 4 0 11 5 0 18 8 0 13 7 0 19 4 0 19 5 0 10 7 0 16 8 0 20 7 0 13 6 0 19 6 0 15 6 0 8 5 0 9 6 0 12 3 0 18 7 0 9 5 0 17 4 0 16 7 0 14 5 0 18 4 0 11 6 0 18 6 0 12 8 0 10 6 0 8 6 0 14 9 0 12 6 0 14 6 0 15 7 0 15 5 0 13 3 0 10 3 0 10 4 0 11 2 0 15 3 0 20 5 0 13 4 0 21 7 0 18 5 0 17 6 0 17 5 0 15 4 0 14 7 0 12 5 0 13 5 0 14 2 0 16 6 0 11 8 0 15 9 0 13 8 0 21 5 0 10 5 0 17 8 0 14 4 0 16 5 0 12 2 0 21 6 0 13 2 0 
 --- Bot used 1 milliseconds ---
-----------------------------------------------------------------------------
 --- Frame #48 ---
11 3 0 12 3 1 13 3 1 14 3 0 11 4 0 12 4 1 13 4 1 14 4 1 15 4 1 10 5 1 11 5 1 12 5 1 13 5 1 14 5 1 15 5 1 16 5 1 17 5 1 18 5 1 19 5 1 10 6 1 11 6 1 12 6 1 13 6 1 14 6 1 15 6 1 16 6 1 17 6 1 18 6 1 19 6 1 20 6 0 11 7 1 12 7 1 13 7 1 14 7 1 15 7 1 16 7 1 17 7 1 18 7 1 14 8 1 15 8 0 15 3 1 13 2 1 10 3 1 10 4 4 19 7 3 18 8 2 16 4 1 11 7 0 12 4 0 11 5 0 13 7 0 19 4 0 19 5 0 10 7 0 16 8 0 20 7 0 13 6 0 19 6 0 15 6 0 8 5 0 9 6 0 12 3 0 17 7 0 18 7 0 9 5 0 17 4 0 16 7 0 14 5 0 18 4 0 11 6 0 18 6 0 12 8 0 10 6 0 8 6 0 14 9 0 12 6 0 14 6 0 15 7 0 15 5 0 13 3 0 11 2 0 14 8 0 20 5 0 13 4 0 21 7 0 18 5 0 17 6 0 17 5 0 15 4 0 14 7 0 12 5 0 13 5 0 14 2 0 12 7 0 16 6 0 11 8 0 15 9 0 13 8 0 21 5 0 10 5 0 17 8 0 14 4 0 16 5 0 12 2 0 21 6 0 
 --- Bot used 1 milliseconds ---
-----------------------------------------------------------------------------
 --- Frame #49 ---
11 3 1 12 3 1 13 3 1 14 3 1 15 3 0 10 4 0 11 4 1 12 4 1 13 4 1 14 4 1 15 4 1 16 4 0 9 5 0 10 5 1 11 5 1 12 5 1 13 5 1 14 5 1 15 5 1 16 5 1 17 5 1 18 5 1 19 5 1 10 6 1 11 6 1 12 6 1 13 6 1 14 6 1 15 6 1 16 6 1 17 6 1 18 6 1 19 6 1 20 6 0 11 7 1 12 7 1 13 7 1 14 7 1 15 7 1 16 7 1 17 7 1 18 7 1 19 7 0 14 8 1 15 8 0 10 7 4 13 2 1 11 7 0 12 4 0 11 5 0 18 8 0 13 7 0 19 4 0 19 5 0 16 8 0 19 8 0 20 7 0 13 6 0 19 6 0 15 6 0 8 5 0 9 6 0 12 3 0 15 2 0 17 7 0 18 7 0 11 3 0 17 4 0 16 7 0 14 5 0 18 4 0 11 6 0 18 6 0 14 3 0 12 8 0 10 2 0 10 6 0 8 6 0 11 4 0 14 9 0 12 6 0 14 6 0 15 7 0 15 5 0 13 3 0 10 3 0 11 2 0 14 8 0 20 5 0 13 4 0 21 7 0 9 4 0 18 5 0 17 6 0 17 5 0 16 3 0 15 4 0 14 7 0 12 5 0 13 5 0 14 2 0 12 7 0 16 6 0 11 8 0 15 9 0 13 8 0 21 5 0 10 5 0 17 8 0 14 4 0 16 5 0 12 2 0 21 6 0 
 --- Bot used 2 milliseconds ---
-----------------------------------------------------------------------------
 --- Frame #50 ---
13 2 0 11 3 1 12 3 1 13 3 1 14 3 1 15 3 0 10 4 0 11 4 1 12 4 1 13 4 1 14 4 1 15 4 1 16 4 0 9 5 0 10 5 1 11 5 1 12 5 1 13 5 1 14 5 1 15 5 1 16 5 1 17 5 1 18 5 1 19 5 1 9 6 0 10 6 1 11 6 1 12 6 1 13 6 1 14 6 1 15 6 1 16 6 1 17 6 1 18 6 1 19 6 1 20 6 0 11 7 1 12 7 1 13 7 1 14 7 1 15 7 1 16 7 1 17 7 1 18 7 1 19 7 0 14 8 1 15 8 1 11 2 1 8 6 4 14 2 1 11 7 0 12 4 0 11 5 0 18 8 0 13 7 0 19 4 0 19 5 0 10 7 0 16 8 0 19 8 0 20 7 0 13 6 0 19 6 0 15 6 0 8 5 0 12 3 0 15 2 0 17 7 0 18 7 0 11 3 0 17 4 0 16 7 0 14 5 0 18 4 0 11 6 0 18 6 0 14 3 0 12 8 0 10 2 0 10 6 0 9 7 0 11 4 0 14 9 0 12 6 0 14 6 0 15 7 0 15 5 0 13 3 0 10 3 0 13 1 0 15 8 0 14 8 0 20 5 0 13 4 0 21 7 0 9 4 0 18 5 0 17 6 0 17 5 0 16 3 0 15 4 0 14 7 0 12 5 0 13 5 0 12 7 0 16 6 0 11 8 0 15 9 0 13 8 0 21 5 0 10 5 0 17 8 0 14 4 0 16 5 0 12 2 0 21 6 0 
 --- Bot used 1 milliseconds ---
-----------------------------------------------------------------------------
 --- Frame #51 ---
11 2 0 13 2 0 14 2 0 11 3 1 12 3 1 13 3 1 14 3 1 15 3 0 10 4 0 11 4 1 12 4 1 13 4 1 14 4 1 15 4 1 16 4 0 9 5 0 10 5 1 11 5 1 12 5 1 13 5 1 14 5 1 15 5 1 16 5 1 17 5 1 18 5 1 19 5 1 9 6 1 10 6 1 11 6 1 12 6 1 13 6 1 14 6 1 15 6 1 16 6 1 17 6 1 18 6 1 19 6 1 20 6 1 11 7 1 12 7 1 13 7 1 14 7 1 15 7 1 16 7 1 17 7 1 18 7 1 19 7 0 14 8 1 15 8 1 8 5 4 11 7 0 12 4 0 11 5 0 18 8 0 13 7 0 19 4 0 19 5 0 10 7 0 16 8 0 19 8 0 20 7 0 13 6 0 19 6 0 15 6 0 9 6 0 12 3 0 15 2 0 17 7 0 18 7 0 11 1 0 11 3 0 17 4 0 16 7 0 14 5 0 18 4 0 11 6 0 18 6 0 14 3 0 12 8 0 10 2 0 10 6 0 8 6 0 9 7 0 11 4 0 14 9 0 12 6 0 14 6 0 15 7 0 15 5 0 13 3 0 10 3 0 20 6 0 13 1 0 15 8 0 14 1 0 14 8 0 20 5 0 13 4 0 21 7 0 9 4 0 18 5 0 17 6 0 17 5 0 16 3 0 15 4 0 14 7 0 12 5 0 13 5 0 12 7 0 16 6 0 7 6 0 11 8 0 15 9 0 13 8 0 21 5 0 10 5 0 17 8 0 14 4 0 16 5 0 12 2 0 21 6 0 
 --- Bot used 1 milliseconds ---
-----------------------------------------------------------------------------
 --- Frame #52 ---
11 2 0 13 2 0 14 2 0 11 3 1 12 3 1 13 3 1 14 3 1 15 3 0 10 4 0 11 4 1 12 4 1 13 4 1 14 4 1 15 4 1 16 4 0 9 5 1 10 5 1 11 5 1 12 5 1 13 5 1 14 5 1 15 5 1 16 5 1 17 5 1 18 5 1 19 5 1 9 6 1 10 6 1 11 6 1 12 6 1 13 6 1 14 6 1 15 6 1 16 6 1 17 6 1 18 6 1 19 6 1 20 6 1 11 7 1 12 7 1 13 7 1 14 7 1 15 7 1 16 7 1 17 7 1 18 7 1 19 7 0 14 8 1 15 8 1 12 2 1 8 5 4 7 6 1 11 7 0 12 4 0 11 5 0 18 8 0 13 7 0 19 4 0 19 5 0 10 7 0 16 8 0 19 8 0 20 7 0 13 6 0 19 6 0 15 6 0 9 6 0 12 3 0 15 2 0 17 7 0 18 7 0 11 1 0 9 5 0 11 3 0 17 4 0 16 7 0 14 5 0 18 4 0 11 6 0 18 6 0 14 3 0 12 8 0 10 2 0 10 6 0 8 6 0 9 7 0 11 4 0 14 9 0 12 6 0 14 6 0 15 7 0 15 5 0 13 3 0 10 3 0 20 6 0 13 1 0 15 8 0 14 1 0 14 8 0 20 5 0 13 4 0 21 7 0 9 4 0 18 5 0 17 6 0 17 5 0 16 3 0 15 4 0 14 7 0 12 5 0 13 5 0 12 7 0 16 6 0 11 8 0 15 9 0 13 8 0 21 5 0 10 5 0 17 8 0 14 4 0 16 5 0 21 6 0 
 --- Bot used 2 milliseconds ---
-----------------------------------------------------------------------------
 --- Frame #53 ---
11 2 0 12 2 0 13 2 0 14 2 0 11 3 1 12 3 1 13 3 1 14 3 1 15 3 0 10 4 0 11 4 1 12 4 1 13 4 1 14 4 1 15 4 1 16 4 0 9 5 1 10 5 1 11 5 1 12 5 1 13 5 1 14 5 1 15 5 1 16 5 1 17 5 1 18 5 1 19 5 1 9 6 1 10 6 1 11 6 1 12 6 1 13 6 1 14 6 1 15 6 1 16 6 1 17 6 1 18 6 1 19 6 1 20 6 1 11 7 1 12 7 1 13 7 1 14 7 1 15 7 1 16 7 1 17 7 1 18 7 1 19 7 0 14 8 1 15 8 1 21 5 2 10 2 1 11 7 0 12 4 0 11 5 0 18 8 0 12 1 0 13 7 0 19 4 0 19 5 0 10 7 0 16 8 0 19 8 0 20 7 0 13 6 0 19 6 0 15 6 0 8 5 0 9 6 0 12 3 0 15 2 0 17 7 0 18 7 0 11 1 0 9 5 0 11 3 0 17 4 0 16 7 0 14 5 0 7 5 0 18 4 0 11 6 0 18 6 0 14 3 0 12 8 0 10 6 0 8 6 0 9 7 0 11 4 0 14 9 0 12 6 0 14 6 0 15 7 0 15 5 0 13 3 0 10 3 0 20 6 0 13 1 0 15 8 0 14 1 0 14 8 0 20 5 0 13 4 0 21 7 0 9 4 0 18 5 0 17 6 0 17 5 0 16 3 0 15 4 0 14 7 0 12 5 0 13 5 0 12 7 0 16 6 0 7 6 0 11 8 0 15 9 0 13 8 0 10 5 0 17 8 0 14 4 0 16 5 0 21 6 0 
 --- Bot used 2 milliseconds ---
-----------------------------------------------------------------------------
 --- Frame #54 ---
11 2 0 12 2 0 13 2 0 14 2 0 11 3 1 12 3 1 13 3 1 14 3 1 15 3 1 10 4 1 11 4 1 12 4 1 13 4 1 14 4 1 15 4 1 16 4 1 9 5 1 10 5 1 11 5 1 12 5 1 13 5 1 14 5 1 15 5 1 16 5 1 17 5 1 18 5 1 19 5 1 9 6 1 10 6 1 11 6 1 12 6 1 13 6 1 14 6 1 15 6 1 16 6 1 17 6 1 18 6 1 19 6 1 20 6 1 11 7 1 12 7 1 13 7 1 14 7 1 15 7 1 16 7 1 17 7 1 18 7 1 19 7 1 14 8 1 15 8 1 10 3 4 11 7 0 12 4 0 11 5 0 18 8 0 12 1 0 13 7 0 19 4 0 19 5 0 10 7 0 16 8 0 19 8 0 20 7 0 13 6 0 19 6 0 15 6 0 22 5 0 8 5 0 9 6 0 12 3 0 15 2 0 17 7 0 18 7 0 11 1 0 9 5 0 11 3 0 17 4 0 16 7 0 14 5 0 7 5 0 18 4 0 11 6 0 18 6 0 14 3 0 12 8 0 10 2 0 10 6 0 8 6 0 9 7 0 11 4 0 14 9 0 12 6 0 14 6 0 15 7 0 15 5 0 13 3 0 20 6 0 10 4 0 13 1 0 15 8 0 16 4 0 14 1 0 15 3 0 14 8 0 20 5 0 13 4 0 21 7 0 9 4 0 18 5 0 19 7 0 17 6 0 10 1 0 17 5 0 16 3 0 15 4 0 14 7 0 12 5 0 13 5 0 12 7 0 16 6 0 7 6 0 11 8 0 15 9 0 13 8 0 21 5 0 10 5 0 17 8 0 14 4 0 16 5 0 21 6 0 
 --- Bot used 2 milliseconds ---
-----------------------------------------------------------------------------
 --- Frame #55 ---
11 2 0 12 2 0 13 2 1 14 2 0 11 3 1 12 3 1 13 3 1 14 3 1 15 3 1 10 4 1 11 4 1 12 4 1 13 4 1 14 4 1 15 4 1 16 4 1 9 5 1 10 5 1 11 5 1 12 5 1 13 5 1 14 5 1 15 5 1 16 5 1 17 5 1 18 5 1 19 5 1 9 6 1 10 6 1 11 6 1 12 6 1 13 6 1 14 6 1 15 6 1 16 6 1 17 6 1 18 6 1 19 6 1 20 6 1 11 7 1 12 7 1 13 7 1 14 7 1 15 7 1 16 7 1 17 7 1 18 7 1 19 7 1 14 8 1 15 8 1 13 8 3 11 1 1 9 4 4 7 5 4 10 3 4 11 7 0 12 4 0 11 5 0 18 8 0 12 1 0 13 7 0 19 4 0 19 5 0 10 7 0 16 8 0 19 8 0 20 7 0 13 6 0 19 6 0 15 6 0 22 5 0 8 5 0 9 6 0 12 3 0 15 2 0 17 7 0 18 7 0 9 5 0 11 3 0 17 4 0 16 7 0 14 5 0 18 4 0 11 6 0 18 6 0 14 3 0 12 8 0 10 2 0 10 6 0 8 6 0 9 7 0 11 4 0 14 9 0 12 6 0 14 6 0 15 7 0 15 5 0 13 3 0 20 6 0 10 4 0 13 1 0 15 8 0 16 4 0 14 1 0 15 3 0 14 8 0 20 5 0 13 4 0 21 7 0 18 5 0 19 7 0 17 6 0 10 1 0 17 5 0 16 3 0 15 4 0 14 7 0 12 5 0 13 5 0 12 7 0 16 6 0 7 6 0 11 8 0 15 9 0 21 5 0 10 5 0 17 8 0 14 4 0 16 5 0 21 6 0 13 2 0 
 --- Bot used 2 milliseconds ---
-----------------------------------------------------------------------------
 --- Frame #56 ---
11 1 0 11 2 1 12 2 0 13 2 1 14 2 1 10 3 0 11 3 1 12 3 1 13 3 1 14 3 1 15 3 1 10 4 1 11 4 1 12 4 1 13 4 1 14 4 1 15 4 1 16 4 1 9 5 1 10 5 1 11 5 1 12 5 1 13 5 1 14 5 1 15 5 1 16 5 1 17 5 1 18 5 1 19 5 1 9 6 1 10 6 1 11 6 1 12 6 1 13 6 1 14 6 1 15 6 1 16 6 1 17 6 1 18 6 1 19 6 1 20 6 1 11 7 1 12 7 1 13 7 1 14 7 1 15 7 1 16 7 1 17 7 1 18 7 1 19 7 1 13 8 0 14 8 1 15 8 1 19 8 2 20 5 1 19 4 2 21 6 2 9 7 4 7 6 4 9 4 4 8 5 1 11 7 0 12 4 0 11 5 0 18 8 0 12 1 0 13 7 0 19 5 0 10 7 0 16 8 0 20 7 0 13 6 0 19 6 0 15 6 0 22 5 0 9 6 0 12 3 0 15 2 0 17 7 0 18 7 0 9 5 0 11 3 0 17 4 0 16 7 0 14 5 0 7 5 0 18 4 0 11 6 0 18 6 0 14 3 0 12 8 0 10 2 0 10 6 0 8 6 0 11 4 0 14 9 0 12 6 0 6 5 0 14 6 0 15 7 0 15 5 0 13 3 0 20 6 0 10 4 0 13 1 0 15 8 0 16 4 0 14 1 0 11 2 0 15 3 0 14 8 0 13 4 0 21 7 0 13 9 0 18 5 0 19 7 0 17 6 0 11 0 0 10 1 0 17 5 0 16 3 0 15 4 0 9 3 0 14 7 0 12 5 0 13 5 0 14 2 0 12 7 0 16 6 0 11 8 0 15 9 0 21 5 0 10 5 0 17 8 0 14 4 0 16 5 0 13 2 0 
 --- Bot used 2 milliseconds ---
-----------------------------------------------------------------------------
 --- Frame #57 ---
11 1 0 11 2 1 12 2 0 13 2 1 14 2 1 10 3 0 11 3 1 12 3 1 13 3 1 14 3 1 15 3 1 9 4 0 10 4 1 11 4 1 12 4 1 13 4 1 14 4 1 15 4 1 16 4 1 8 5 0 9 5 1 10 5 1 11 5 1 12 5 1 13 5 1 14 5 1 15 5 1 16 5 1 17 5 1 18 5 1 19 5 1 20 5 0 9 6 1 10 6 1 11 6 1 12 6 1 13 6 1 14 6 1 15 6 1 16 6 1 17 6 1 18 6 1 19 6 1 20 6 1 21 6 0 11 7 1 12 7 1 13 7 1 14 7 1 15 7 1 16 7 1 17 7 1 18 7 1 19 7 1 20 7 1 13 8 0 14 8 1 15 8 1 10 1 4 8 6 3 9 7 4 11 7 0 20 8 0 12 4 0 11 5 0 18 8 0 12 1 0 13 7 0 19 4 0 19 5 0 10 7 0 16 8 0 19 8 0 20 7 0 13 6 0 19 6 0 15 6 0 22 5 0 9 6 0 12 3 0 15 2 0 8 4 0 17 7 0 18 7 0 9 5 0 11 3 0 17 4 0 16 7 0 14 5 0 7 5 0 18 4 0 11 6 0 18 6 0 14 3 0 22 6 0 12 8 0 10 2 0 10 6 0 11 4 0 14 9 0 12 6 0 6 5 0 14 6 0 15 7 0 15 5 0 13 3 0 20 6 0 10 4 0 13 1 0 15 8 0 16 4 0 20 4 0 14 1 0 11 2 0 15 3 0 14 8 0 13 4 0 21 7 0 6 6 0 13 9 0 18 5 0 19 7 0 17 6 0 11 0 0 17 5 0 16 3 0 15 4 0 9 3 0 14 7 0 12 5 0 13 5 0 14 2 0 12 7 0 16 6 0 7 6 0 11 8 0 15 9 0 21 5 0 10 5 0 17 8 0 14 4 0 16 5 0 13 2 0 
 --- Bot used 2 milliseconds ---
-----------------------------------------------------------------------------
 --- Frame #58 ---
11 1 0 11 2 1 12 2 1 13 2 1 14 2 1 10 3 0 11 3 1 12 3 1 13 3 1 14 3 1 15 3 1 9 4 0 10 4 1 11 4 1 12 4 1 13 4 1 14 4 1 15 4 1 16 4 1 8 5 0 9 5 1 10 5 1 11 5 1 12 5 1 13 5 1 14 5 1 15 5 1 16 5 1 17 5 1 18 5 1 19 5 1 20 5 0 8 6 0 9 6 1 10 6 1 11 6 1 12 6 1 13 6 1 14 6 1 15 6 1 16 6 1 17 6 1 18 6 1 19 6 1 20 6 1 21 6 0 11 7 1 12 7 1 13 7 1 14 7 1 15 7 1 16 7 1 17 7 1 18 7 1 19 7 1 20 7 1 13 8 0 14 8 1 15 8 1 20 4 2 8 7 4 10 1 4 11 7 0 20 8 0 12 4 0 11 5 0 18 8 0 12 1 0 13 7 0 19 4 0 19 5 0 10 7 0 16 8 0 19 8 0 20 7 0 13 6 0 19 6 0 15 6 0 22 5 0 9 6 0 12 3 0 15 2 0 8 4 0 17 7 0 18 7 0 9 5 0 11 3 0 17 4 0 16 7 0 14 5 0 7 5 0 18 4 0 11 6 0 18 6 0 14 3 0 22 6 0 12 8 0 10 2 0 10 6 0 9 7 0 11 4 0 14 9 0 12 6 0 6 5 0 14 6 0 15 7 0 15 5 0 13 3 0 20 6 0 10 4 0 13 1 0 15 8 0 16 4 0 14 1 0 11 2 0 15 3 0 14 8 0 13 4 0 21 7 0 6 6 0 13 9 0 18 5 0 19 7 0 17 6 0 11 0 0 17 5 0 16 3 0 15 4 0 9 3 0 14 7 0 12 5 0 13 5 0 14 2 0 12 7 0 16 6 0 7 6 0 11 8 0 15 9 0 21 5 0 10 5 0 17 8 0 14 4 0 16 5 0 12 2 0 13 2 0 
 --- Bot used 2 milliseconds ---
-----------------------------------------------------------------------------
 --- Frame #59 ---
11 1 0 11 2 1 12 2 1 13 2 1 14 2 1 10 3 0 11 3 1 12 3 1 13 3 1 14 3 1 15 3 1 9 4 0 10 4 1 11 4 1 12 4 1 13 4 1 14 4 1 15 4 1 16 4 1 8 5 0 9 5 1 10 5 1 11 5 1 12 5 1 13 5 1 14 5 1 15 5 1 16 5 1 17 5 1 18 5 1 19 5 1 20 5 0 21 5 1 7 6 0 8 6 0 9 6 1 10 6 1 11 6 1 12 6 1 13 6 1 14 6 1 15 6 1 16 6 1 17 6 1 18 6 1 19 6 1 20 6 1 21 6 0 11 7 1 12 7 1 13 7 1 14 7 1 15 7 1 16 7 1 17 7 1 18 7 1 19 7 1 20 7 1 13 8 0 14 8 1 15 8 1 11 8 4 14 1 1 13 1 1 12 8 3 21 7 2 6 5 4 11 7 0 12 4 0 11 5 0 19 4 0 19 5 0 10 7 0 16 8 0 20 7 0 19 6 0 9 6 0 12 3 0 17 7 0 18 7 0 9 5 0 8 7 0 16 7 0 14 5 0 11 6 0 18 6 0 14 3 0 10 6 0 9 1 0 14 9 0 15 7 0 15 5 0 10 4 0 15 8 0 16 4 0 15 3 0 13 4 0 13 9 0 17 6 0 11 0 0 10 1 0 16 3 0 9 3 0 14 7 0 12 5 0 14 2 0 16 6 0 15 9 0 10 5 0 20 8 0 18 8 0 12 1 0 13 7 0 19 8 0 13 6 0 15 6 0 22 5 0 15 2 0 8 4 0 11 3 0 17 4 0 7 5 0 18 4 0 22 6 0 10 2 0 9 7 0 7 7 0 11 4 0 12 6 0 14 6 0 13 3 0 20 6 0 20 4 0 11 2 0 14 8 0 21 4 0 6 6 0 18 5 0 19 7 0 17 5 0 15 4 0 13 5 0 12 7 0 21 5 0 17 8 0 14 4 0 16 5 0 12 2 0 13 2 0 
 --- Bot used 929 milliseconds ---
-----------------------------------------------------------------------------
 --- Frame #60 ---
11 1 0 11 2 1 12 2 1 13 2 1 14 2 1 10 3 0 11 3 1 12 3 1 13 3 1 14 3 1 15 3 1 9 4 0 10 4 1 11 4 1 12 4 1 13 4 1 14 4 1 15 4 1 16 4 1 8 5 0 9 5 1 10 5 1 11 5 1 12 5 1 13 5 1 14 5 1 15 5 1 16 5 1 17 5 1 18 5 1 19 5 1 20 5 0 21 5 1 7 6 0 8 6 0 9 6 1 10 6 1 11 6 1 12 6 1 13 6 1 14 6 1 15 6 1 16 6 1 17 6 1 18 6 1 19 6 1 20 6 1 21 6 0 11 7 1 12 7 1 13 7 1 14 7 1 15 7 1 16 7 1 17 7 1 18 7 1 19 7 1 20 7 1 12 8 0 13 8 0 14 8 1 15 8 1 15 9 2 10 2 4 6 6 4 14 0 4 13 1 1 10 7 3 11 8 4 15 2 1 11 7 0 12 4 0 11 5 0 19 4 0 19 5 0 16 8 0 20 7 0 19 6 0 9 6 0 12 3 0 17 7 0 18 7 0 9 5 0 8 7 0 16 7 0 14 5 0 11 6 0 18 6 0 14 3 0 12 9 0 10 6 0 9 1 0 14 9 0 15 7 0 15 5 0 10 4 0 15 8 0 16 4 0 14 1 0 15 3 0 13 4 0 13 9 0 17 6 0 11 0 0 10 1 0 16 3 0 9 3 0 14 7 0 12 5 0 14 2 0 16 6 0 10 5 0 20 8 0 18 8 0 12 1 0 13 7 0 19 8 0 13 6 0 15 6 0 22 5 0 8 4 0 11 3 0 17 4 0 7 5 0 18 4 0 22 6 0 9 7 0 7 7 0 11 4 0 12 6 0 6 5 0 14 6 0 13 3 0 20 6 0 22 7 0 20 4 0 11 2 0 14 8 0 21 7 0 21 4 0 18 5 0 19 7 0 5 5 0 17 5 0 15 4 0 13 5 0 12 7 0 21 5 0 17 8 0 14 4 0 16 5 0 12 2 0 13 2 0 
 --- Bot used 775 milliseconds ---
-----------------------------------------------------------------------------
 --- Frame #61 ---

ERRORED!
No response received.