 --- Init ---
MyJavaBot
 --- Bot used 53 milliseconds ---
-----------------------------------------------------------------------------
 --- Frame #1 ---
15 7 1 
 --- Bot used 3 milliseconds ---
-----------------------------------------------------------------------------
 --- Frame #2 ---

 --- Bot used 0 milliseconds ---
-----------------------------------------------------------------------------
 --- Frame #3 ---

 --- Bot used 0 milliseconds ---
-----------------------------------------------------------------------------
 --- Frame #4 ---
15 6 2 
 --- Bot used 0 milliseconds ---
-----------------------------------------------------------------------------
 --- Frame #5 ---
15 6 2 
 --- Bot used 1 milliseconds ---
-----------------------------------------------------------------------------
 --- Frame #6 ---

 --- Bot used 1 milliseconds ---
-----------------------------------------------------------------------------
 --- Frame #7 ---

 --- Bot used 1 milliseconds ---
-----------------------------------------------------------------------------
 --- Frame #8 ---
15 7 4 
 --- Bot used 1 milliseconds ---
-----------------------------------------------------------------------------
 --- Frame #9 ---

 --- Bot used 1 milliseconds ---
-----------------------------------------------------------------------------
 --- Frame #10 ---
15 6 1 16 6 2 
 --- Bot used 1 milliseconds ---
-----------------------------------------------------------------------------
 --- Frame #11 ---
16 6 2 
 --- Bot used 1 milliseconds ---
-----------------------------------------------------------------------------
 --- Frame #12 ---
14 7 1 
 --- Bot used 1 milliseconds ---
-----------------------------------------------------------------------------
 --- Frame #13 ---
15 6 0 
 --- Bot used 1 milliseconds ---
-----------------------------------------------------------------------------
 --- Frame #14 ---
15 6 0 
 --- Bot used 1 milliseconds ---
-----------------------------------------------------------------------------
 --- Frame #15 ---
15 7 2 15 5 2 15 6 0 
 --- Bot used 1 milliseconds ---
-----------------------------------------------------------------------------
 --- Frame #16 ---
17 6 2 15 6 1 16 6 0 
 --- Bot used 1 milliseconds ---
-----------------------------------------------------------------------------
 --- Frame #17 ---
15 5 1 14 6 1 15 6 0 16 6 1 
 --- Bot used 1 milliseconds ---
-----------------------------------------------------------------------------
 --- Frame #18 ---
16 5 1 14 7 4 15 5 0 15 6 0 16 6 0 
 --- Bot used 0 milliseconds ---
-----------------------------------------------------------------------------
 --- Frame #19 ---
18 6 2 15 5 0 15 6 0 16 6 0 
 --- Bot used 0 milliseconds ---
-----------------------------------------------------------------------------
 --- Frame #20 ---
15 5 0 15 6 0 16 6 0 
 --- Bot used 1 milliseconds ---
-----------------------------------------------------------------------------
 --- Frame #21 ---
17 6 1 15 4 4 14 5 1 15 5 0 15 6 0 16 6 0 
 --- Bot used 1 milliseconds ---
-----------------------------------------------------------------------------
 --- Frame #22 ---
14 4 1 14 6 4 13 7 1 16 7 2 15 5 0 16 5 0 15 6 1 16 6 0 
 --- Bot used 0 milliseconds ---
-----------------------------------------------------------------------------
 --- Frame #23 ---
19 6 2 13 6 4 15 5 1 16 5 0 14 6 0 15 6 0 16 6 1 17 6 0 
 --- Bot used 1 milliseconds ---
-----------------------------------------------------------------------------
 --- Frame #24 ---
18 6 1 15 4 1 19 6 2 15 5 0 16 5 1 14 6 0 15 6 0 16 6 0 17 6 0 
 --- Bot used 1 milliseconds ---
-----------------------------------------------------------------------------
 --- Frame #25 ---
16 4 2 15 4 0 15 5 0 16 5 0 14 6 0 15 6 0 16 6 0 17 6 0 
 --- Bot used 1 milliseconds ---
-----------------------------------------------------------------------------
 --- Frame #26 ---
15 7 3 14 5 4 15 4 0 15 5 0 16 5 0 17 5 0 14 6 0 15 6 0 16 6 0 17 6 0 
 --- Bot used 1 milliseconds ---
-----------------------------------------------------------------------------
 --- Frame #27 ---
14 3 4 12 6 4 14 7 3 14 4 4 15 4 0 14 5 0 15 5 0 16 5 0 17 5 1 13 6 0 14 6 0 15 6 0 16 6 0 17 6 1 15 7 0 
 --- Bot used 1 milliseconds ---
-----------------------------------------------------------------------------
 --- Frame #28 ---
17 4 2 15 3 1 17 7 2 13 7 4 14 4 0 15 4 0 14 5 0 15 5 0 16 5 0 17 5 1 13 6 0 14 6 1 15 6 1 16 6 0 17 6 0 14 7 0 15 7 0 
 --- Bot used 1 milliseconds ---
-----------------------------------------------------------------------------
 --- Frame #29 ---
19 6 1 18 5 1 17 4 2 18 6 3 17 7 2 14 4 0 15 4 0 14 5 1 15 5 1 16 5 0 17 5 0 13 6 1 14 6 0 15 6 0 16 6 1 17 6 0 14 7 0 15 7 0 
 --- Bot used 0 milliseconds ---
-----------------------------------------------------------------------------
 --- Frame #30 ---
13 5 4 11 6 1 18 4 2 14 4 1 15 4 1 14 5 0 15 5 0 16 5 1 17 5 0 18 5 0 13 6 0 14 6 0 15 6 0 16 6 0 17 6 0 18 6 0 14 7 0 15 7 0 
 --- Bot used 0 milliseconds ---
-----------------------------------------------------------------------------
 --- Frame #31 ---
15 3 2 14 3 1 20 6 1 13 3 4 13 4 4 12 5 1 18 7 2 14 4 0 15 4 0 13 5 0 14 5 0 15 5 0 16 5 0 17 5 0 18 5 0 12 6 0 13 6 0 14 6 0 15 6 0 16 6 0 17 6 0 18 6 0 14 7 0 15 7 0 
 --- Bot used 1 milliseconds ---
-----------------------------------------------------------------------------
 --- Frame #32 ---
14 2 1 12 4 4 14 3 0 15 3 0 13 4 0 14 4 0 15 4 0 16 4 1 12 5 0 13 5 0 14 5 0 15 5 0 16 5 0 17 5 0 18 5 0 19 5 0 12 6 0 13 6 0 14 6 0 15 6 0 16 6 0 17 6 0 18 6 0 19 6 0 14 7 0 15 7 1 
 --- Bot used 1 milliseconds ---
-----------------------------------------------------------------------------
 --- Frame #33 ---
16 3 1 11 4 4 11 5 4 14 3 0 15 3 0 12 4 0 13 4 0 14 4 0 15 4 0 16 4 0 12 5 0 13 5 0 14 5 0 15 5 0 16 5 0 17 5 0 18 5 0 19 5 0 12 6 1 13 6 0 14 6 0 15 6 1 16 6 0 17 6 1 18 6 0 19 6 0 14 7 1 15 7 0 
 --- Bot used 1 milliseconds ---
-----------------------------------------------------------------------------
 --- Frame #34 ---
12 7 4 11 6 4 10 4 3 11 5 4 14 3 0 15 3 0 12 4 0 13 4 0 14 4 0 15 4 0 16 4 0 12 5 1 13 5 0 14 5 0 15 5 1 16 5 0 17 5 1 18 5 0 19 5 0 12 6 0 13 6 0 14 6 1 15 6 0 16 6 0 17 6 0 18 6 0 19 6 0 14 7 0 15 7 0 
 --- Bot used 1 milliseconds ---
-----------------------------------------------------------------------------
 --- Frame #35 ---
14 8 4 10 5 3 11 6 4 14 3 0 15 3 0 12 4 1 13 4 0 14 4 0 15 4 1 16 4 0 11 5 0 12 5 0 13 5 0 14 5 1 15 5 0 16 5 0 17 5 0 18 5 1 19 5 1 12 6 0 13 6 1 14 6 0 15 6 0 16 6 1 17 6 0 18 6 1 19 6 1 14 7 0 15 7 0 
 --- Bot used 0 milliseconds ---
-----------------------------------------------------------------------------
 --- Frame #36 ---
16 7 3 19 4 2 14 1 4 19 7 2 12 3 1 14 3 0 15 3 1 12 4 0 13 4 0 14 4 1 15 4 0 16 4 0 11 5 0 12 5 0 13 5 1 14 5 0 15 5 0 16 5 1 17 5 0 18 5 1 19 5 1 11 6 0 12 6 0 13 6 0 14 6 0 15 6 0 16 6 0 17 6 0 18 6 0 19 6 0 13 7 1 14 7 0 15 7 0 
 --- Bot used 1 milliseconds ---
-----------------------------------------------------------------------------
 --- Frame #37 ---
18 4 1 12 2 4 13 3 1 20 6 3 19 7 2 15 2 1 20 5 1 19 4 2 14 3 1 15 3 0 12 4 0 13 4 1 14 4 0 15 4 0 16 4 1 11 5 0 12 5 0 13 5 0 14 5 0 15 5 0 16 5 0 17 5 0 18 5 0 19 5 0 11 6 0 12 6 0 13 6 1 14 6 0 15 6 0 16 6 0 17 6 0 18 6 0 19 6 0 13 7 0 14 7 0 15 7 0 16 7 0 
 --- Bot used 0 milliseconds ---
-----------------------------------------------------------------------------
 --- Frame #38 ---
15 1 2 20 4 2 11 2 1 11 4 1 13 2 0 14 2 1 15 2 0 13 3 1 14 3 0 15 3 0 12 4 0 13 4 0 14 4 0 15 4 0 16 4 0 18 4 0 11 5 0 12 5 0 13 5 1 14 5 0 15 5 0 16 5 0 17 5 0 18 5 0 19 5 0 11 6 0 12 6 0 13 6 0 14 6 0 15 6 0 16 6 0 17 6 0 18 6 0 19 6 0 13 7 0 14 7 0 15 7 1 16 7 0 
 --- Bot used 1 milliseconds ---
-----------------------------------------------------------------------------
 --- Frame #39 ---
14 1 1 10 4 4 10 6 4 10 5 4 13 2 1 14 2 0 15 2 0 12 3 0 13 3 0 14 3 0 15 3 0 11 4 0 12 4 0 13 4 1 14 4 0 15 4 0 16 4 0 18 4 0 11 5 0 12 5 0 13 5 0 14 5 0 15 5 0 16 5 0 17 5 0 18 5 0 19 5 0 11 6 0 12 6 1 13 6 0 14 6 0 15 6 1 16 6 0 17 6 1 18 6 0 19 6 0 13 7 0 14 7 1 15 7 0 16 7 0 
 --- Bot used 0 milliseconds ---
-----------------------------------------------------------------------------
 --- Frame #40 ---
14 0 1 13 1 1 17 4 1 14 1 0 13 2 0 14 2 0 15 2 0 12 3 0 13 3 1 14 3 0 15 3 0 11 4 0 12 4 0 13 4 0 14 4 0 15 4 0 16 4 0 18 4 0 10 5 0 11 5 1 12 5 1 13 5 0 14 5 0 15 5 1 16 5 0 17 5 1 18 5 0 19 5 0 11 6 0 12 6 0 13 6 0 14 6 1 15 6 0 16 6 0 17 6 0 18 6 0 19 6 0 13 7 0 14 7 0 15 7 0 16 7 0 
 --- Bot used 0 milliseconds ---
-----------------------------------------------------------------------------
 --- Frame #41 ---
14 29 1 13 0 1 18 7 3 11 7 4 18 3 4 17 4 1 16 3 2 14 1 0 13 2 1 14 2 0 15 2 0 12 3 0 13 3 0 14 3 0 15 3 0 11 4 1 12 4 1 13 4 0 14 4 0 15 4 1 16 4 0 18 4 0 10 5 0 11 5 0 12 5 0 13 5 0 14 5 1 15 5 0 16 5 0 17 5 0 18 5 0 19 5 0 11 6 1 12 6 0 13 6 0 14 6 0 15 6 0 16 6 1 17 6 0 18 6 1 19 6 1 13 7 0 14 7 0 15 7 0 16 7 0 
 --- Bot used 0 milliseconds ---
-----------------------------------------------------------------------------
 --- Frame #42 ---
17 3 1 14 28 4 13 29 4 13 1 4 11 1 1 11 3 4 17 7 3 14 1 0 13 2 0 14 2 0 15 2 0 12 3 1 13 3 0 14 3 0 15 3 1 16 3 0 11 4 0 12 4 0 13 4 0 14 4 1 15 4 0 16 4 0 17 4 0 18 4 0 10 5 0 11 5 1 12 5 0 13 5 0 14 5 0 15 5 0 16 5 1 17 5 0 18 5 1 19 5 1 10 6 0 11 6 0 12 6 0 13 6 0 14 6 0 15 6 0 16 6 0 17 6 0 18 6 0 19 6 0 13 7 1 14 7 0 15 7 0 16 7 1 18 7 0 
 --- Bot used 1 milliseconds ---
-----------------------------------------------------------------------------
 --- Frame #43 ---
15 8 3 20 7 2 12 7 3 10 3 4 9 5 4 9 6 4 12 1 1 13 1 0 14 1 0 12 2 1 13 2 0 14 2 0 15 2 1 16 2 1 11 3 0 12 3 0 13 3 0 14 3 1 15 3 0 16 3 0 17 3 0 10 4 0 11 4 1 12 4 0 13 4 0 14 4 0 15 4 0 16 4 1 17 4 0 18 4 1 10 5 0 11 5 0 12 5 0 13 5 0 14 5 0 15 5 0 16 5 0 17 5 0 18 5 0 19 5 0 10 6 0 11 6 0 12 6 0 13 6 1 14 6 0 15 6 0 16 6 1 17 6 0 18 6 0 19 6 0 13 7 0 14 7 0 15 7 0 16 7 0 17 7 0 18 7 0 13 29 0 
 --- Bot used 0 milliseconds ---
-----------------------------------------------------------------------------
 --- Frame #44 ---
15 1 1 11 2 4 15 8 3 12 0 1 13 0 0 12 1 1 13 1 0 14 1 0 12 2 0 13 2 0 14 2 1 15 2 0 16 2 0 11 3 1 12 3 0 13 3 0 14 3 0 15 3 0 16 3 1 17 3 0 10 4 0 11 4 0 12 4 0 13 4 0 14 4 0 15 4 0 16 4 0 17 4 0 18 4 0 9 5 0 10 5 0 11 5 0 12 5 0 13 5 1 14 5 0 15 5 0 16 5 1 17 5 0 18 5 0 19 5 0 10 6 0 11 6 0 12 6 0 13 6 0 14 6 0 15 6 0 16 6 0 17 6 0 18 6 0 19 6 0 12 7 0 13 7 0 14 7 0 15 7 1 16 7 0 17 7 0 18 7 0 13 29 0 
 --- Bot used 0 milliseconds ---
-----------------------------------------------------------------------------
 --- Frame #45 ---
15 0 2 12 29 1 20 6 2 12 0 1 13 0 0 14 0 0 12 1 0 13 1 0 14 1 1 15 1 0 11 2 1 12 2 0 13 2 0 14 2 0 15 2 0 16 2 1 10 3 0 11 3 0 12 3 0 13 3 0 14 3 0 15 3 0 16 3 0 17 3 0 10 4 1 11 4 0 12 4 0 13 4 1 14 4 0 15 4 0 16 4 1 17 4 0 18 4 0 9 5 0 10 5 1 11 5 0 12 5 0 13 5 0 14 5 0 15 5 0 16 5 0 17 5 0 18 5 0 19 5 0 10 6 1 11 6 0 12 6 1 13 6 0 14 6 0 15 6 1 16 6 0 17 6 1 18 6 0 19 6 0 12 7 0 13 7 0 14 7 1 15 7 0 16 7 0 17 7 0 18 7 0 15 8 0 13 29 0 
 --- Bot used 0 milliseconds ---
-----------------------------------------------------------------------------
 --- Frame #46 ---
16 1 2 12 29 4 9 4 4 9 3 1 11 1 4 8 6 4 12 0 0 13 0 0 14 0 1 12 1 0 13 1 0 14 1 0 15 1 0 11 2 0 12 2 0 13 2 0 14 2 0 15 2 0 16 2 0 10 3 1 11 3 0 12 3 0 13 3 1 14 3 0 15 3 0 16 3 1 17 3 0 10 4 1 11 4 0 12 4 0 13 4 0 14 4 0 15 4 0 16 4 0 17 4 0 18 4 0 9 5 0 10 5 1 11 5 0 12 5 1 13 5 0 14 5 0 15 5 1 16 5 0 17 5 1 18 5 0 19 5 0 10 6 0 11 6 0 12 6 0 13 6 0 14 6 1 15 6 0 16 6 0 17 6 0 18 6 0 19 6 0 20 6 0 12 7 0 13 7 0 14 7 0 15 7 0 16 7 0 17 7 0 18 7 0 15 8 0 13 29 0 
 --- Bot used 0 milliseconds ---
-----------------------------------------------------------------------------
 --- Frame #47 ---
18 3 1 19 4 1 11 29 1 19 7 3 10 1 1 21 4 3 20 5 2 14 29 2 8 6 4 10 2 4 9 3 1 9 4 4 8 5 1 12 0 0 13 0 1 14 0 0 11 1 0 12 1 0 13 1 0 14 1 0 15 1 0 16 1 0 11 2 0 12 2 0 13 2 1 14 2 0 15 2 0 16 2 1 10 3 1 11 3 0 12 3 0 13 3 0 14 3 0 15 3 0 16 3 0 17 3 0 10 4 1 11 4 0 12 4 1 13 4 0 14 4 0 15 4 1 16 4 0 17 4 1 18 4 0 9 5 0 10 5 0 11 5 0 12 5 0 13 5 0 14 5 1 15 5 0 16 5 0 17 5 0 18 5 0 19 5 0 10 6 0 11 6 1 12 6 0 13 6 0 14 6 0 15 6 0 16 6 0 17 6 0 18 6 1 19 6 1 20 6 0 12 7 0 13 7 0 14 7 0 15 7 0 16 7 0 17 7 0 18 7 1 15 8 0 12 29 0 13 29 0 
 --- Bot used 0 milliseconds ---
-----------------------------------------------------------------------------
 --- Frame #48 ---
15 29 2 11 28 1 13 8 3 9 2 4 10 0 4 18 3 1 17 2 2 19 7 3 18 8 2 11 0 1 12 0 0 13 0 0 14 0 0 15 0 0 11 1 0 12 1 0 13 1 1 14 1 0 15 1 0 16 1 1 10 2 1 11 2 0 12 2 0 13 2 0 14 2 0 15 2 0 16 2 0 10 3 1 11 3 0 12 3 1 13 3 0 14 3 0 15 3 1 16 3 0 17 3 1 9 4 0 10 4 0 11 4 0 12 4 0 13 4 0 14 4 1 15 4 0 16 4 0 17 4 0 18 4 0 19 4 0 9 5 0 10 5 0 11 5 1 12 5 0 13 5 0 14 5 0 15 5 0 16 5 0 17 5 0 18 5 1 19 5 1 20 5 0 10 6 0 11 6 0 12 6 0 13 6 0 14 6 0 15 6 0 16 6 0 17 6 0 18 6 1 19 6 0 20 6 0 12 7 0 13 7 1 14 7 0 15 7 0 16 7 1 17 7 1 18 7 0 15 8 0 12 29 0 13 29 1 14 29 0 
 --- Bot used 1 milliseconds ---
-----------------------------------------------------------------------------
 --- Frame #49 ---
16 29 2 16 0 2 11 27 2 10 7 4 11 29 4 10 1 4 11 0 0 12 0 0 13 0 1 14 0 0 15 0 0 11 1 0 12 1 0 13 1 0 14 1 0 15 1 0 16 1 0 10 2 1 11 2 0 12 2 1 13 2 0 14 2 0 15 2 1 16 2 0 17 2 1 10 3 0 11 3 0 12 3 0 13 3 0 14 3 1 15 3 0 16 3 0 17 3 0 18 3 0 9 4 0 10 4 0 11 4 1 12 4 0 13 4 0 14 4 0 15 4 0 16 4 0 17 4 0 18 4 1 19 4 1 9 5 1 10 5 0 11 5 0 12 5 0 13 5 0 14 5 0 15 5 0 16 5 0 17 5 0 18 5 1 19 5 0 20 5 0 10 6 0 11 6 0 12 6 0 13 6 1 14 6 0 15 6 0 16 6 1 17 6 1 18 6 0 19 6 0 20 6 0 12 7 1 13 7 0 14 7 0 15 7 0 16 7 0 17 7 0 18 7 0 19 7 0 13 8 0 15 8 0 12 29 0 13 29 0 14 29 0 
 --- Bot used 0 milliseconds ---
-----------------------------------------------------------------------------
 --- Frame #50 ---
17 1 2 9 1 4 14 8 3 9 0 1 10 0 0 11 0 0 12 0 0 13 0 0 14 0 0 15 0 0 16 0 0 10 1 1 11 1 0 12 1 1 13 1 0 14 1 0 15 1 1 16 1 0 9 2 0 10 2 0 11 2 0 12 2 0 13 2 0 14 2 1 15 2 0 16 2 0 17 2 0 10 3 0 11 3 1 12 3 0 13 3 0 14 3 0 15 3 0 16 3 0 17 3 0 18 3 1 9 4 1 10 4 0 11 4 0 12 4 0 13 4 0 14 4 0 15 4 0 16 4 0 17 4 0 18 4 1 19 4 0 9 5 0 10 5 0 11 5 0 12 5 0 13 5 1 14 5 0 15 5 0 16 5 1 17 5 1 18 5 0 19 5 0 20 5 0 9 6 1 10 6 0 11 6 0 12 6 1 13 6 0 14 6 0 15 6 0 16 6 0 17 6 0 18 6 0 19 6 0 20 6 0 12 7 0 13 7 0 14 7 0 15 7 1 16 7 0 17 7 0 18 7 0 19 7 0 13 8 0 15 8 1 12 28 1 11 29 0 12 29 0 13 29 1 14 29 0 
 --- Bot used 0 milliseconds ---
-----------------------------------------------------------------------------
 --- Frame #51 ---
18 2 2 13 28 1 21 5 2 11 7 3 9 3 4 7 6 1 10 0 1 11 0 0 12 0 1 13 0 0 14 0 0 15 0 1 16 0 0 9 1 0 10 1 0 11 1 0 12 1 0 13 1 0 14 1 1 15 1 0 16 1 0 17 1 0 9 2 0 10 2 0 11 2 1 12 2 0 13 2 0 14 2 0 15 2 0 16 2 0 17 2 0 10 3 0 11 3 0 12 3 0 13 3 0 14 3 0 15 3 0 16 3 0 17 3 0 18 3 1 9 4 0 10 4 0 11 4 0 12 4 0 13 4 1 14 4 0 15 4 0 16 4 1 17 4 1 18 4 0 19 4 0 9 5 1 10 5 0 11 5 0 12 5 1 13 5 0 14 5 0 15 5 0 16 5 0 17 5 0 18 5 0 19 5 0 20 5 0 9 6 0 10 6 1 11 6 0 12 6 0 13 6 0 14 6 0 15 6 1 16 6 0 17 6 0 18 6 0 19 6 0 20 6 1 12 7 0 13 7 0 14 7 1 15 7 1 16 7 0 17 7 0 18 7 0 19 7 0 13 8 0 14 8 0 15 8 0 12 28 0 11 29 0 12 29 0 13 29 0 14 29 0 
 --- Bot used 1 milliseconds ---
-----------------------------------------------------------------------------
 --- Frame #52 ---
13 27 1 15 29 1 10 29 1 8 4 4 21 5 2 10 0 0 11 0 0 12 0 0 13 0 0 14 0 1 15 0 0 16 0 0 9 1 0 10 1 0 11 1 1 12 1 0 13 1 0 14 1 0 15 1 0 16 1 0 17 1 0 9 2 0 10 2 0 11 2 0 12 2 0 13 2 0 14 2 0 15 2 0 16 2 0 17 2 0 18 2 1 9 3 0 10 3 0 11 3 0 12 3 0 13 3 1 14 3 0 15 3 0 16 3 1 17 3 1 18 3 0 9 4 1 10 4 0 11 4 0 12 4 1 13 4 0 14 4 0 15 4 0 16 4 0 17 4 0 18 4 0 19 4 0 8 5 0 9 5 0 10 5 1 11 5 0 12 5 0 13 5 0 14 5 0 15 5 1 16 5 0 17 5 0 18 5 0 19 5 0 20 5 1 9 6 0 10 6 0 11 6 0 12 6 0 13 6 0 14 6 1 15 6 1 16 6 0 17 6 0 18 6 0 19 6 0 20 6 0 11 7 0 12 7 0 13 7 0 14 7 0 15 7 0 16 7 0 17 7 0 18 7 0 19 7 0 13 8 0 14 8 0 15 8 0 12 28 0 13 28 0 11 29 0 12 29 1 13 29 0 14 29 0 
 --- Bot used 1 milliseconds ---
-----------------------------------------------------------------------------
 --- Frame #53 ---
13 26 4 18 1 2 15 28 1 10 28 1 8 4 4 7 5 1 10 0 0 11 0 1 12 0 0 13 0 0 14 0 0 15 0 0 16 0 0 9 1 0 10 1 0 11 1 0 12 1 0 13 1 0 14 1 0 15 1 0 16 1 0 17 1 0 9 2 0 10 2 0 11 2 0 12 2 0 13 2 1 14 2 0 15 2 0 16 2 1 17 2 1 18 2 0 9 3 1 10 3 0 11 3 0 12 3 1 13 3 0 14 3 0 15 3 0 16 3 0 17 3 0 18 3 0 9 4 0 10 4 1 11 4 0 12 4 0 13 4 0 14 4 0 15 4 1 16 4 0 17 4 0 18 4 0 19 4 0 8 5 1 9 5 0 10 5 0 11 5 0 12 5 0 13 5 0 14 5 1 15 5 1 16 5 0 17 5 0 18 5 0 19 5 0 20 5 0 21 5 0 9 6 0 10 6 0 11 6 1 12 6 0 13 6 0 14 6 0 15 6 0 16 6 0 17 6 0 18 6 0 19 6 1 20 6 0 11 7 0 12 7 0 13 7 0 14 7 0 15 7 0 16 7 0 17 7 0 18 7 1 19 7 0 13 8 0 14 8 0 15 8 0 11 28 0 12 28 1 13 28 0 10 29 0 11 29 0 12 29 0 13 29 0 14 29 1 15 29 0 
 --- Bot used 1 milliseconds ---
-----------------------------------------------------------------------------
 --- Frame #54 ---
14 28 1 10 0 0 11 0 0 12 0 0 13 0 0 14 0 0 15 0 0 16 0 0 9 1 0 10 1 0 11 1 0 12 1 0 13 1 1 14 1 0 15 1 0 16 1 1 17 1 1 9 2 1 10 2 0 11 2 0 12 2 1 13 2 0 14 2 0 15 2 0 16 2 0 17 2 0 18 2 0 9 3 0 10 3 1 11 3 0 12 3 0 13 3 0 14 3 0 15 3 1 16 3 0 17 3 0 18 3 0 8 4 1 9 4 0 10 4 0 11 4 0 12 4 0 13 4 0 14 4 1 15 4 1 16 4 0 17 4 0 18 4 0 19 4 0 8 5 0 9 5 0 10 5 0 11 5 1 12 5 0 13 5 0 14 5 0 15 5 0 16 5 0 17 5 0 18 5 0 19 5 1 20 5 0 21 5 0 9 6 0 10 6 0 11 6 0 12 6 0 13 6 0 14 6 0 15 6 0 16 6 0 17 6 0 18 6 1 19 6 0 20 6 0 11 7 0 12 7 0 13 7 1 14 7 0 15 7 0 16 7 1 17 7 1 18 7 0 19 7 1 13 8 1 14 8 0 15 8 0 12 27 1 11 28 1 12 28 0 13 28 0 10 29 0 11 29 1 12 29 0 13 29 0 14 29 0 15 29 0 
 --- Bot used 1 milliseconds ---
-----------------------------------------------------------------------------
 --- Frame #55 ---
12 26 1 20 4 1 17 0 2 14 27 1 7 6 4 10 0 0 11 0 0 12 0 0 13 0 1 14 0 0 15 0 0 16 0 1 9 1 1 10 1 0 11 1 0 12 1 1 13 1 0 14 1 0 15 1 0 16 1 0 17 1 0 9 2 0 10 2 1 11 2 0 12 2 0 13 2 0 14 2 0 15 2 1 16 2 0 17 2 0 18 2 0 9 3 0 10 3 0 11 3 0 12 3 0 13 3 0 14 3 1 15 3 1 16 3 0 17 3 0 18 3 0 8 4 0 9 4 0 10 4 0 11 4 1 12 4 0 13 4 0 14 4 0 15 4 0 16 4 0 17 4 0 18 4 0 19 4 1 8 5 0 9 5 0 10 5 0 11 5 0 12 5 0 13 5 0 14 5 0 15 5 0 16 5 0 17 5 0 18 5 1 19 5 0 20 5 0 21 5 0 9 6 0 10 6 0 11 6 0 12 6 0 13 6 1 14 6 0 15 6 0 16 6 1 17 6 1 18 6 0 19 6 1 20 6 0 11 7 0 12 7 1 13 7 1 14 7 0 15 7 0 16 7 0 17 7 0 18 7 0 19 7 0 13 8 0 14 8 0 15 8 0 12 27 0 13 27 0 11 28 1 12 28 0 13 28 0 14 28 0 10 29 0 11 29 0 12 29 0 13 29 0 14 29 0 15 29 0 
 --- Bot used 1 milliseconds ---
-----------------------------------------------------------------------------
 --- Frame #56 ---
19 8 2 12 8 3 16 29 1 21 6 2 9 0 4 8 1 1 8 6 3 9 7 4 20 4 1 19 3 2 11 27 1 10 0 0 11 0 0 12 0 1 13 0 0 14 0 0 15 0 0 16 0 0 17 0 0 9 1 0 10 1 1 11 1 0 12 1 0 13 1 0 14 1 0 15 1 1 16 1 0 17 1 0 18 1 0 9 2 0 10 2 0 11 2 0 12 2 0 13 2 0 14 2 1 15 2 1 16 2 0 17 2 0 18 2 0 9 3 0 10 3 0 11 3 1 12 3 0 13 3 0 14 3 0 15 3 0 16 3 0 17 3 0 18 3 0 8 4 0 9 4 0 10 4 0 11 4 0 12 4 0 13 4 0 14 4 0 15 4 0 16 4 0 17 4 0 18 4 1 19 4 0 8 5 0 9 5 0 10 5 0 11 5 0 12 5 0 13 5 1 14 5 0 15 5 0 16 5 1 17 5 1 18 5 0 19 5 1 20 5 0 21 5 0 9 6 1 10 6 0 11 6 0 12 6 1 13 6 1 14 6 0 15 6 0 16 6 0 17 6 0 18 6 0 19 6 0 20 6 0 11 7 0 12 7 0 13 7 0 14 7 0 15 7 0 16 7 0 17 7 0 18 7 0 19 7 0 13 8 0 14 8 1 15 8 1 12 27 0 13 27 0 14 27 0 11 28 0 12 28 0 13 28 0 14 28 0 10 29 0 11 29 0 12 29 0 13 29 1 14 29 0 15 29 0 
 --- Bot used 1 milliseconds ---
-----------------------------------------------------------------------------
 --- Frame #57 ---
20 3 1 16 28 1 15 27 2 11 26 4 8 0 1 8 7 4 7 5 4 9 0 0 10 0 1 11 0 0 12 0 0 13 0 0 14 0 0 15 0 1 16 0 0 17 0 0 9 1 0 10 1 0 11 1 0 12 1 0 13 1 0 14 1 1 15 1 1 16 1 0 17 1 0 18 1 0 9 2 0 10 2 0 11 2 1 12 2 0 13 2 0 14 2 0 15 2 0 16 2 0 17 2 0 18 2 0 9 3 0 10 3 0 11 3 0 12 3 0 13 3 0 14 3 0 15 3 0 16 3 0 17 3 0 18 3 1 19 3 0 8 4 0 9 4 0 10 4 0 11 4 0 12 4 0 13 4 1 14 4 0 15 4 0 16 4 1 17 4 1 18 4 0 19 4 1 20 4 0 8 5 0 9 5 1 10 5 0 11 5 0 12 5 1 13 5 1 14 5 0 15 5 0 16 5 0 17 5 0 18 5 0 19 5 0 20 5 0 21 5 0 8 6 0 9 6 0 10 6 1 11 6 0 12 6 0 13 6 0 14 6 0 15 6 0 16 6 0 17 6 0 18 6 0 19 6 0 20 6 1 21 6 0 11 7 1 12 7 0 13 7 0 14 7 1 15 7 1 16 7 0 17 7 0 18 7 0 19 7 0 20 7 1 12 8 0 13 8 0 14 8 0 15 8 0 12 26 0 11 27 0 12 27 0 13 27 0 14 27 0 11 28 0 12 28 0 13 28 1 14 28 0 15 28 0 10 29 0 11 29 0 12 29 1 13 29 0 14 29 0 15 29 0 16 29 0 
 --- Bot used 1 milliseconds ---
-----------------------------------------------------------------------------
 --- Frame #58 ---
8 29 1 8 3 4 7 4 4 7 5 4 6 6 1 9 0 0 10 0 0 11 0 0 12 0 0 13 0 0 14 0 1 15 0 1 16 0 0 17 0 0 9 1 0 10 1 0 11 1 1 12 1 0 13 1 0 14 1 0 15 1 0 16 1 0 17 1 0 18 1 0 9 2 0 10 2 0 11 2 0 12 2 0 13 2 0 14 2 0 15 2 0 16 2 0 17 2 0 18 2 1 19 2 1 9 3 0 10 3 0 11 3 0 12 3 0 13 3 1 14 3 0 15 3 0 16 3 1 17 3 1 18 3 0 19 3 1 8 4 0 9 4 1 10 4 0 11 4 0 12 4 1 13 4 1 14 4 0 15 4 0 16 4 0 17 4 0 18 4 0 19 4 0 20 4 0 8 5 0 9 5 0 10 5 1 11 5 0 12 5 0 13 5 0 14 5 0 15 5 0 16 5 0 17 5 0 18 5 0 19 5 0 20 5 1 21 5 1 7 6 0 8 6 0 9 6 0 10 6 0 11 6 1 12 6 0 13 6 0 14 6 1 15 6 1 16 6 0 17 6 0 18 6 0 19 6 0 20 6 1 21 6 0 11 7 0 12 7 0 13 7 0 14 7 0 15 7 0 16 7 0 17 7 0 18 7 0 19 7 0 20 7 0 12 8 0 13 8 0 14 8 0 15 8 0 12 26 0 11 27 0 12 27 0 13 27 1 14 27 0 11 28 0 12 28 1 13 28 0 14 28 0 15 28 0 10 29 1 11 29 0 12 29 0 13 29 0 14 29 0 15 29 1 16 29 0 
 --- Bot used 1 milliseconds ---
-----------------------------------------------------------------------------
 --- Frame #59 ---
13 26 1 10 28 4 9 29 1 8 28 2 21 7 2 8 2 4 7 4 4 6 5 1 7 7 4 9 0 0 10 0 0 11 0 1 12 0 0 13 0 0 14 0 0 15 0 0 16 0 0 17 0 0 9 1 0 10 1 0 11 1 0 12 1 0 13 1 0 14 1 0 15 1 0 16 1 0 17 1 0 18 1 1 9 2 0 10 2 0 11 2 0 12 2 0 13 2 1 14 2 0 15 2 0 16 2 1 17 2 1 18 2 0 19 2 1 8 3 0 9 3 1 10 3 0 11 3 0 12 3 1 13 3 1 14 3 0 15 3 0 16 3 0 17 3 0 18 3 0 19 3 0 8 4 0 9 4 0 10 4 1 11 4 0 12 4 0 13 4 0 14 4 0 15 4 0 16 4 0 17 4 0 18 4 0 19 4 0 20 4 1 7 5 0 8 5 1 9 5 0 10 5 0 11 5 1 12 5 0 13 5 0 14 5 1 15 5 1 16 5 0 17 5 0 18 5 0 19 5 0 20 5 1 21 5 0 7 6 0 8 6 0 9 6 0 10 6 0 11 6 0 12 6 0 13 6 0 14 6 0 15 6 0 16 6 0 17 6 0 18 6 0 19 6 0 20 6 0 21 6 0 11 7 0 12 7 0 13 7 0 14 7 0 15 7 0 16 7 0 17 7 0 18 7 1 19 7 0 20 7 0 12 8 0 13 8 0 14 8 0 15 8 0 12 26 0 11 27 0 12 27 1 13 27 0 14 27 0 11 28 0 12 28 0 13 28 0 14 28 0 15 28 1 10 29 0 11 29 0 12 29 0 13 29 0 14 29 1 15 29 1 16 29 0 
 --- Bot used 1 milliseconds ---
-----------------------------------------------------------------------------
 --- Frame #60 ---
19 1 2 18 0 2 10 26 4 15 27 1 9 28 1 8 2 4 7 3 1 9 0 0 10 0 0 11 0 0 12 0 0 13 0 0 14 0 0 15 0 0 16 0 0 17 0 0 9 1 0 10 1 0 11 1 0 12 1 0 13 1 1 14 1 0 15 1 0 16 1 1 17 1 1 18 1 0 9 2 1 10 2 0 11 2 0 12 2 1 13 2 1 14 2 0 15 2 0 16 2 0 17 2 0 18 2 0 19 2 0 8 3 0 9 3 0 10 3 1 11 3 0 12 3 0 13 3 0 14 3 0 15 3 0 16 3 0 17 3 0 18 3 0 19 3 0 7 4 0 8 4 1 9 4 0 10 4 0 11 4 1 12 4 0 13 4 0 14 4 1 15 4 1 16 4 0 17 4 0 18 4 0 19 4 0 20 4 1 7 5 0 8 5 0 9 5 0 10 5 0 11 5 0 12 5 0 13 5 0 14 5 0 15 5 0 16 5 0 17 5 0 18 5 0 19 5 0 20 5 0 21 5 0 7 6 0 8 6 0 9 6 0 10 6 0 11 6 0 12 6 0 13 6 0 14 6 0 15 6 0 16 6 0 17 6 0 18 6 1 19 6 0 20 6 0 21 6 0 11 7 0 12 7 0 13 7 0 14 7 0 15 7 0 16 7 1 17 7 1 18 7 0 19 7 1 20 7 0 12 8 0 13 8 1 14 8 0 15 8 0 12 26 1 13 26 0 11 27 0 12 27 0 13 27 0 14 27 0 10 28 0 11 28 0 12 28 0 13 28 0 14 28 1 15 28 1 9 29 0 10 29 0 11 29 1 12 29 0 13 29 0 14 29 0 15 29 0 16 29 0 
 --- Bot used 1 milliseconds ---
-----------------------------------------------------------------------------
 --- Frame #61 ---
12 25 1 20 3 2 19 0 2 21 4 2 15 26 2 9 27 4 9 0 0 10 0 0 11 0 0 12 0 0 13 0 1 14 0 0 15 0 0 16 0 1 17 0 1 9 1 1 10 1 0 11 1 0 12 1 1 13 1 1 14 1 0 15 1 0 16 1 0 17 1 0 18 1 0 19 1 0 8 2 0 9 2 0 10 2 1 11 2 0 12 2 0 13 2 0 14 2 0 15 2 0 16 2 0 17 2 0 18 2 0 19 2 0 8 3 1 9 3 0 10 3 0 11 3 1 12 3 0 13 3 0 14 3 1 15 3 1 16 3 0 17 3 0 18 3 0 19 3 0 7 4 0 8 4 0 9 4 0 10 4 0 11 4 0 12 4 0 13 4 0 14 4 0 15 4 0 16 4 0 17 4 0 18 4 0 19 4 0 20 4 0 7 5 0 8 5 0 9 5 0 10 5 0 11 5 0 12 5 0 13 5 0 14 5 0 15 5 0 16 5 0 17 5 0 18 5 1 19 5 0 20 5 0 21 5 0 7 6 1 8 6 0 9 6 0 10 6 0 11 6 0 12 6 0 13 6 0 14 6 0 15 6 0 16 6 1 17 6 1 18 6 0 19 6 1 20 6 0 21 6 0 11 7 0 12 7 1 13 7 1 14 7 0 15 7 0 16 7 0 17 7 0 18 7 0 19 7 0 20 7 0 12 8 0 13 8 0 14 8 0 15 8 0 12 26 0 13 26 0 10 27 1 11 27 0 12 27 0 13 27 0 14 27 1 15 27 1 9 28 0 10 28 0 11 28 1 12 28 0 13 28 0 14 28 0 15 28 0 9 29 0 10 29 0 11 29 0 12 29 0 13 29 0 14 29 0 15 29 0 16 29 0 
 --- Bot used 1177 milliseconds ---
-----------------------------------------------------------------------------
 --- Frame #62 ---
8 27 4 16 8 3 15 9 2 14 26 1 10 7 3 17 29 1 6 4 4 6 6 4 9 0 1 10 0 0 11 0 0 12 0 1 13 0 1 14 0 0 15 0 0 16 0 0 17 0 0 9 1 0 10 1 1 11 1 0 12 1 0 13 1 0 14 1 0 15 1 0 16 1 0 17 1 0 18 1 0 19 1 0 8 2 1 9 2 0 10 2 0 11 2 1 12 2 0 13 2 0 14 2 1 15 2 1 16 2 0 17 2 0 18 2 0 19 2 0 8 3 0 9 3 0 10 3 0 11 3 0 12 3 0 13 3 0 14 3 0 15 3 0 16 3 0 17 3 0 18 3 0 19 3 0 20 3 0 7 4 0 8 4 0 9 4 0 10 4 0 11 4 0 12 4 0 13 4 0 14 4 0 15 4 0 16 4 0 17 4 0 18 4 1 19 4 0 20 4 0 21 4 0 7 5 1 8 5 0 9 5 0 10 5 0 11 5 0 12 5 0 13 5 0 14 5 0 15 5 0 16 5 1 17 5 1 18 5 0 19 5 1 20 5 0 21 5 0 7 6 0 8 6 1 9 6 1 10 6 0 11 6 0 12 6 1 13 6 1 14 6 0 15 6 0 16 6 0 17 6 0 18 6 0 19 6 0 20 6 0 21 6 1 11 7 0 12 7 0 13 7 0 14 7 0 15 7 0 16 7 0 17 7 0 18 7 0 19 7 0 20 7 0 12 8 1 13 8 0 14 8 1 15 8 1 12 26 0 13 26 0 9 27 0 10 27 0 11 27 1 12 27 0 13 27 0 14 27 0 15 27 0 9 28 0 10 28 0 11 28 0 12 28 0 13 28 0 14 28 0 15 28 0 9 29 0 10 29 0 11 29 0 12 29 0 13 29 1 14 29 0 15 29 0 16 29 1 
 --- Bot used 1395 milliseconds ---
-----------------------------------------------------------------------------
 --- Frame #63 ---
16 9 2 16 27 2 14 25 2 8 1 4 11 26 1 6 7 4 6 5 4 9 0 0 10 0 1 11 0 0 12 0 0 13 0 0 14 0 0 15 0 0 16 0 0 17 0 0 9 1 0 10 1 0 11 1 1 12 1 0 13 1 0 14 1 1 15 1 1 16 1 0 17 1 0 18 1 0 19 1 0 8 2 0 9 2 0 10 2 0 11 2 0 12 2 0 13 2 0 14 2 0 15 2 0 16 2 0 17 2 0 18 2 0 19 2 0 8 3 0 9 3 0 10 3 0 11 3 0 12 3 0 13 3 0 14 3 0 15 3 0 16 3 0 17 3 0 18 3 1 19 3 0 20 3 0 7 4 1 8 4 0 9 4 0 10 4 0 11 4 0 12 4 0 13 4 0 14 4 0 15 4 0 16 4 1 17 4 1 18 4 0 19 4 1 20 4 0 21 4 0 7 5 0 8 5 1 9 5 1 10 5 0 11 5 0 12 5 1 13 5 1 14 5 0 15 5 0 16 5 0 17 5 0 18 5 0 19 5 0 20 5 0 21 5 1 6 6 0 7 6 0 8 6 0 9 6 0 10 6 1 11 6 0 12 6 0 13 6 0 14 6 0 15 6 0 16 6 0 17 6 0 18 6 0 19 6 0 20 6 0 21 6 0 10 7 0 11 7 1 12 7 1 13 7 0 14 7 1 15 7 1 16 7 0 17 7 0 18 7 0 19 7 0 20 7 1 12 8 0 13 8 0 14 8 0 15 8 0 16 8 0 12 26 0 13 26 0 14 26 0 9 27 0 10 27 0 11 27 0 12 27 0 13 27 0 14 27 0 15 27 0 9 28 0 10 28 0 11 28 0 12 28 0 13 28 1 14 28 0 15 28 0 16 28 1 9 29 1 10 29 0 11 29 0 12 29 1 13 29 1 14 29 0 15 29 0 16 29 0 
 --- Bot used 1443 milliseconds ---
-----------------------------------------------------------------------------
 --- Frame #64 ---
13 9 3 11 8 3 7 1 4 7 3 4 17 28 1 16 27 2 9 0 0 10 0 0 11 0 1 12 0 0 13 0 0 14 0 1 15 0 1 16 0 0 17 0 0 8 1 0 9 1 0 10 1 0 11 1 0 12 1 0 13 1 0 14 1 0 15 1 0 16 1 0 17 1 0 18 1 0 19 1 0 8 2 0 9 2 0 10 2 0 11 2 0 12 2 0 13 2 0 14 2 0 15 2 0 16 2 0 17 2 0 18 2 1 19 2 0 8 3 0 9 3 0 10 3 0 11 3 0 12 3 0 13 3 0 14 3 0 15 3 0 16 3 1 17 3 1 18 3 0 19 3 1 20 3 0 7 4 0 8 4 1 9 4 1 10 4 0 11 4 0 12 4 1 13 4 1 14 4 0 15 4 0 16 4 0 17 4 0 18 4 0 19 4 0 20 4 0 21 4 1 6 5 0 7 5 0 8 5 0 9 5 0 10 5 1 11 5 0 12 5 0 13 5 0 14 5 0 15 5 0 16 5 0 17 5 0 18 5 0 19 5 0 20 5 0 21 5 0 6 6 0 7 6 0 8 6 0 9 6 0 10 6 0 11 6 1 12 6 1 13 6 0 14 6 1 15 6 1 16 6 0 17 6 0 18 6 0 19 6 0 20 6 1 21 6 0 10 7 0 11 7 0 12 7 0 13 7 0 14 7 0 15 7 0 16 7 0 17 7 0 18 7 0 19 7 0 20 7 0 12 8 0 13 8 0 14 8 0 15 8 0 16 8 0 17 8 1 12 25 0 11 26 0 12 26 0 13 26 0 14 26 0 15 26 1 9 27 0 10 27 0 11 27 0 12 27 0 13 27 1 14 27 0 15 27 0 9 28 1 10 28 0 11 28 0 12 28 1 13 28 1 14 28 0 15 28 0 16 28 0 9 29 0 10 29 1 11 29 0 12 29 0 13 29 0 14 29 0 15 29 0 16 29 0 
 --- Bot used 1345 milliseconds ---
-----------------------------------------------------------------------------
 --- Frame #65 ---
17 27 2 15 25 2 8 0 4 9 0 0 10 0 0 11 0 0 12 0 0 13 0 0 14 0 0 15 0 0 16 0 0 17 0 0 8 1 0 9 1 0 10 1 0 11 1 0 12 1 0 13 1 0 14 1 0 15 1 0 16 1 0 17 1 0 18 1 1 19 1 0 8 2 0 9 2 0 10 2 0 11 2 0 12 2 0 13 2 0 14 2 0 15 2 0 16 2 1 17 2 1 18 2 0 19 2 1 7 3 0 8 3 1 9 3 1 10 3 0 11 3 0 12 3 1 13 3 1 14 3 0 15 3 0 16 3 0 17 3 0 18 3 0 19 3 0 20 3 0 6 4 0 7 4 0 8 4 0 9 4 0 10 4 1 11 4 0 12 4 0 13 4 0 14 4 0 15 4 0 16 4 0 17 4 0 18 4 0 19 4 0 20 4 0 21 4 0 6 5 0 7 5 0 8 5 0 9 5 0 10 5 0 11 5 1 12 5 1 13 5 0 14 5 1 15 5 1 16 5 0 17 5 0 18 5 0 19 5 0 20 5 1 21 5 0 6 6 0 7 6 0 8 6 0 9 6 0 10 6 0 11 6 0 12 6 0 13 6 0 14 6 0 15 6 0 16 6 0 17 6 0 18 6 0 19 6 0 20 6 0 21 6 0 10 7 0 11 7 0 12 7 0 13 7 0 14 7 0 15 7 0 16 7 0 17 7 1 18 7 1 19 7 0 20 7 0 11 8 0 12 8 0 13 8 0 14 8 0 15 8 0 16 8 0 17 8 0 13 9 0 12 25 0 11 26 0 12 26 0 13 26 1 14 26 0 15 26 0 9 27 1 10 27 0 11 27 0 12 27 1 13 27 1 14 27 0 15 27 0 16 27 0 9 28 0 10 28 1 11 28 0 12 28 0 13 28 0 14 28 0 15 28 0 16 28 0 9 29 0 10 29 0 11 29 1 12 29 0 13 29 0 14 29 1 15 29 1 16 29 0 
 --- Bot used 627 milliseconds ---
-----------------------------------------------------------------------------
 --- Frame #66 ---
9 26 1 13 25 1 18 27 2 18 0 1 8 0 0 9 0 0 10 0 0 11 0 0 12 0 0 13 0 0 14 0 0 15 0 0 16 0 0 17 0 0 7 1 0 8 1 0 9 1 0 10 1 0 11 1 0 12 1 0 13 1 0 14 1 0 15 1 0 16 1 1 17 1 1 18 1 0 19 1 1 8 2 1 9 2 1 10 2 0 11 2 0 12 2 1 13 2 1 14 2 0 15 2 0 16 2 0 17 2 0 18 2 0 19 2 0 7 3 0 8 3 0 9 3 0 10 3 1 11 3 0 12 3 0 13 3 0 14 3 0 15 3 0 16 3 0 17 3 0 18 3 0 19 3 0 20 3 0 6 4 0 7 4 0 8 4 0 9 4 0 10 4 0 11 4 1 12 4 1 13 4 0 14 4 1 15 4 1 16 4 0 17 4 0 18 4 0 19 4 0 20 4 1 21 4 0 6 5 0 7 5 0 8 5 0 9 5 0 10 5 0 11 5 0 12 5 0 13 5 0 14 5 0 15 5 0 16 5 0 17 5 0 18 5 0 19 5 0 20 5 0 21 5 0 6 6 0 7 6 0 8 6 0 9 6 0 10 6 0 11 6 0 12 6 0 13 6 0 14 6 0 15 6 0 16 6 0 17 6 1 18 6 1 19 6 0 20 6 0 21 6 0 10 7 0 11 7 0 12 7 0 13 7 0 14 7 0 15 7 0 16 7 1 17 7 0 18 7 0 19 7 1 20 7 0 11 8 0 12 8 0 13 8 1 14 8 0 15 8 0 16 8 0 17 8 0 13 9 0 12 25 0 11 26 0 12 26 1 13 26 1 14 26 0 15 26 0 9 27 0 10 27 1 11 27 0 12 27 0 13 27 0 14 27 0 15 27 0 16 27 0 9 28 0 10 28 0 11 28 1 12 28 0 13 28 0 14 28 1 15 28 1 16 28 0 9 29 0 10 29 0 11 29 0 12 29 0 13 29 0 14 29 0 15 29 0 16 29 0 
 --- Bot used 614 milliseconds ---
-----------------------------------------------------------------------------
 --- Frame #67 ---

ERRORED!
No response received.